DEPRECATION WARNING: config.action_view.debug_rjs will be removed in 3.1, from 3.1 onwards you will need to install prototype-rails to continue to use RJS templates . (called from service at C:/Bitnami/rubystack-2.0.0-17/ruby/lib/ruby/2.0.0/webrick/httpserver.rb:138)


Started GET "/" for 127.0.0.1 at 2014-08-07 15:50:49 +0400

ActionController::RoutingError (No route matches "/"):
  

Rendered C:/Bitnami/rubystack-2.0.0-17/ruby/lib/ruby/gems/2.0.0/gems/actionpack-3.0.19/lib/action_dispatch/middleware/templates/rescues/routing_error.erb within rescues/layout (15.6ms)


Started GET "/" for 127.0.0.1 at 2014-08-07 15:50:57 +0400

ActionController::RoutingError (No route matches "/"):
  

Rendered C:/Bitnami/rubystack-2.0.0-17/ruby/lib/ruby/gems/2.0.0/gems/actionpack-3.0.19/lib/action_dispatch/middleware/templates/rescues/routing_error.erb within rescues/layout (0.0ms)


Started GET "/" for 127.0.0.1 at 2014-08-07 15:55:20 +0400

ActionController::RoutingError (No route matches "/"):
  

Rendered C:/Bitnami/rubystack-2.0.0-17/ruby/lib/ruby/gems/2.0.0/gems/actionpack-3.0.19/lib/action_dispatch/middleware/templates/rescues/routing_error.erb within rescues/layout (0.0ms)


Started GET "/" for 127.0.0.1 at 2014-08-07 15:55:29 +0400

ActionController::RoutingError (No route matches "/"):
  

Rendered C:/Bitnami/rubystack-2.0.0-17/ruby/lib/ruby/gems/2.0.0/gems/actionpack-3.0.19/lib/action_dispatch/middleware/templates/rescues/routing_error.erb within rescues/layout (0.0ms)
DEPRECATION WARNING: config.action_view.debug_rjs will be removed in 3.1, from 3.1 onwards you will need to install prototype-rails to continue to use RJS templates . (called from service at C:/Bitnami/rubystack-2.0.0-17/ruby/lib/ruby/2.0.0/webrick/httpserver.rb:138)


Started GET "/" for 127.0.0.1 at 2014-08-07 16:19:19 +0400

ActionController::RoutingError (uninitialized constant StaticController):
  

Rendered C:/Bitnami/rubystack-2.0.0-17/ruby/lib/ruby/gems/2.0.0/gems/actionpack-3.0.19/lib/action_dispatch/middleware/templates/rescues/routing_error.erb within rescues/layout (0.0ms)


Started GET "/" for 127.0.0.1 at 2014-08-07 16:20:22 +0400
  Processing by StaticsController#index as HTML
Completed 500 Internal Server Error in 0ms

NameError (uninitialized constant StaticsController::Static):
  app/controllers/statics_controller.rb:5:in `index'

Rendered C:/Bitnami/rubystack-2.0.0-17/ruby/lib/ruby/gems/2.0.0/gems/actionpack-3.0.19/lib/action_dispatch/middleware/templates/rescues/_trace.erb (0.0ms)
Rendered C:/Bitnami/rubystack-2.0.0-17/ruby/lib/ruby/gems/2.0.0/gems/actionpack-3.0.19/lib/action_dispatch/middleware/templates/rescues/_request_and_response.erb (15.6ms)
Rendered C:/Bitnami/rubystack-2.0.0-17/ruby/lib/ruby/gems/2.0.0/gems/actionpack-3.0.19/lib/action_dispatch/middleware/templates/rescues/diagnostics.erb within rescues/layout (31.2ms)
DEPRECATION WARNING: config.action_view.debug_rjs will be removed in 3.1, from 3.1 onwards you will need to install prototype-rails to continue to use RJS templates . (called from service at C:/Bitnami/rubystack-2.0.0-17/ruby/lib/ruby/2.0.0/webrick/httpserver.rb:138)


Started GET "/" for 127.0.0.1 at 2014-08-07 16:30:59 +0400

AbstractController::ActionNotFound (The action 'index' could not be found for StaticController):
  

Rendered C:/Bitnami/rubystack-2.0.0-17/ruby/lib/ruby/gems/2.0.0/gems/actionpack-3.0.19/lib/action_dispatch/middleware/templates/rescues/unknown_action.erb within rescues/layout (0.0ms)


Started GET "/" for 127.0.0.1 at 2014-08-07 16:32:00 +0400
  Processing by StaticController#index as HTML
Completed 500 Internal Server Error in 16ms

ActionView::MissingTemplate (Missing template static/index with {:handlers=>[:erb, :rjs, :builder, :rhtml, :rxml], :formats=>[:html], :locale=>[:en, :en]} in view paths "D:/SITES/a/app/views"):
  

Rendered C:/Bitnami/rubystack-2.0.0-17/ruby/lib/ruby/gems/2.0.0/gems/actionpack-3.0.19/lib/action_dispatch/middleware/templates/rescues/missing_template.erb within rescues/layout (0.0ms)


Started GET "/" for 127.0.0.1 at 2014-08-07 16:32:37 +0400
  Processing by StaticController#index as HTML
Rendered static/index.html.erb within layouts/application (15.6ms)
Completed 500 Internal Server Error in 16ms

ActionView::Template::Error (no implicit conversion of nil into String):
    3: <head>
    4:   <title>A</title>
    5:   <%= stylesheet_link_tag :all %>
    6:   <%= javascript_include_tag :defaults %>
    7:   <%= csrf_meta_tag %>
    8: </head>
    9: <body>
  app/views/layouts/application.html.erb:6:in `_app_views_layouts_application_html_erb__73004121_12576192_898354786'

Rendered C:/Bitnami/rubystack-2.0.0-17/ruby/lib/ruby/gems/2.0.0/gems/actionpack-3.0.19/lib/action_dispatch/middleware/templates/rescues/_trace.erb (0.0ms)
Rendered C:/Bitnami/rubystack-2.0.0-17/ruby/lib/ruby/gems/2.0.0/gems/actionpack-3.0.19/lib/action_dispatch/middleware/templates/rescues/_request_and_response.erb (0.0ms)
Rendered C:/Bitnami/rubystack-2.0.0-17/ruby/lib/ruby/gems/2.0.0/gems/actionpack-3.0.19/lib/action_dispatch/middleware/templates/rescues/template_error.erb within rescues/layout (15.6ms)


Started GET "/" for 127.0.0.1 at 2014-08-07 16:37:11 +0400
  Processing by StaticController#index as HTML
Rendered static/index.html.erb within layouts/application (0.0ms)
Completed 500 Internal Server Error in 0ms

ActionView::Template::Error (no implicit conversion of nil into String):
    3: <head>
    4:   <title>A</title>
    5:   <%= stylesheet_link_tag :all %>
    6:   <%= javascript_include_tag :defaults %>
    7:   <%= csrf_meta_tag %>
    8: 
    9:  <script type="text/javascript" src="jquery-1.11.1.min.js"> </script>
  app/views/layouts/application.html.erb:6:in `_app_views_layouts_application_html_erb__73004121_12595704_898354786'

Rendered C:/Bitnami/rubystack-2.0.0-17/ruby/lib/ruby/gems/2.0.0/gems/actionpack-3.0.19/lib/action_dispatch/middleware/templates/rescues/_trace.erb (0.0ms)
Rendered C:/Bitnami/rubystack-2.0.0-17/ruby/lib/ruby/gems/2.0.0/gems/actionpack-3.0.19/lib/action_dispatch/middleware/templates/rescues/_request_and_response.erb (15.6ms)
Rendered C:/Bitnami/rubystack-2.0.0-17/ruby/lib/ruby/gems/2.0.0/gems/actionpack-3.0.19/lib/action_dispatch/middleware/templates/rescues/template_error.erb within rescues/layout (15.6ms)


Started GET "/" for 127.0.0.1 at 2014-08-07 16:41:13 +0400
  Processing by StaticController#index as HTML
Rendered static/index.html.erb within layouts/application (0.0ms)
Completed 500 Internal Server Error in 16ms

ActionView::Template::Error (no implicit conversion of nil into String):
    3: <head>
    4:   <title>A</title>
    5:   <!--<%= stylesheet_link_tag :all %>
    6:   <%= javascript_include_tag :defaults %>
    7:   <%= csrf_meta_tag %>-->
    8: </head>
    9: <body>
  app/views/layouts/application.html.erb:6:in `_app_views_layouts_application_html_erb__73004121_12631680_898354786'

Rendered C:/Bitnami/rubystack-2.0.0-17/ruby/lib/ruby/gems/2.0.0/gems/actionpack-3.0.19/lib/action_dispatch/middleware/templates/rescues/_trace.erb (15.6ms)
Rendered C:/Bitnami/rubystack-2.0.0-17/ruby/lib/ruby/gems/2.0.0/gems/actionpack-3.0.19/lib/action_dispatch/middleware/templates/rescues/_request_and_response.erb (0.0ms)
Rendered C:/Bitnami/rubystack-2.0.0-17/ruby/lib/ruby/gems/2.0.0/gems/actionpack-3.0.19/lib/action_dispatch/middleware/templates/rescues/template_error.erb within rescues/layout (15.6ms)
DEPRECATION WARNING: config.action_view.debug_rjs will be removed in 3.1, from 3.1 onwards you will need to install prototype-rails to continue to use RJS templates . (called from service at C:/Bitnami/rubystack-2.0.0-17/ruby/lib/ruby/2.0.0/webrick/httpserver.rb:138)


Started GET "/" for 127.0.0.1 at 2014-08-07 16:41:39 +0400
  Processing by StaticController#index as HTML
Rendered static/index.html.erb within layouts/application (15.6ms)
Completed 500 Internal Server Error in 16ms

ActionView::Template::Error (no implicit conversion of nil into String):
    3: <head>
    4:   <title>A</title>
    5:   <!--<%= stylesheet_link_tag :all %>
    6:   <%= javascript_include_tag :defaults %>
    7:   <%= csrf_meta_tag %>-->
    8: </head>
    9: <body>
  app/views/layouts/application.html.erb:6:in `_app_views_layouts_application_html_erb__1046921946_13350816_500752497'

Rendered C:/Bitnami/rubystack-2.0.0-17/ruby/lib/ruby/gems/2.0.0/gems/actionpack-3.0.19/lib/action_dispatch/middleware/templates/rescues/_trace.erb (0.0ms)
Rendered C:/Bitnami/rubystack-2.0.0-17/ruby/lib/ruby/gems/2.0.0/gems/actionpack-3.0.19/lib/action_dispatch/middleware/templates/rescues/_request_and_response.erb (0.0ms)
Rendered C:/Bitnami/rubystack-2.0.0-17/ruby/lib/ruby/gems/2.0.0/gems/actionpack-3.0.19/lib/action_dispatch/middleware/templates/rescues/template_error.erb within rescues/layout (15.6ms)


Started GET "/" for 127.0.0.1 at 2014-08-07 16:42:47 +0400

ActionController::RoutingError (No route matches "/"):
  

Rendered C:/Bitnami/rubystack-2.0.0-17/ruby/lib/ruby/gems/2.0.0/gems/actionpack-3.0.19/lib/action_dispatch/middleware/templates/rescues/routing_error.erb within rescues/layout (0.0ms)
DEPRECATION WARNING: config.action_view.debug_rjs will be removed in 3.1, from 3.1 onwards you will need to install prototype-rails to continue to use RJS templates . (called from service at C:/Bitnami/rubystack-2.0.0-17/ruby/lib/ruby/2.0.0/webrick/httpserver.rb:138)


Started GET "/" for 127.0.0.1 at 2014-08-08 11:44:28 +0400

ActionController::RoutingError (No route matches "/"):
  

Rendered C:/Bitnami/rubystack-2.0.0-17/ruby/lib/ruby/gems/2.0.0/gems/actionpack-3.0.19/lib/action_dispatch/middleware/templates/rescues/routing_error.erb within rescues/layout (0.0ms)
DEPRECATION WARNING: config.action_view.debug_rjs will be removed in 3.1, from 3.1 onwards you will need to install prototype-rails to continue to use RJS templates . (called from service at C:/Bitnami/rubystack-2.0.0-17/ruby/lib/ruby/2.0.0/webrick/httpserver.rb:138)


Started GET "/" for 127.0.0.1 at 2014-08-08 12:29:30 +0400
  Processing by IndexController#index as HTML
Rendered index/index.html.erb within layouts/application (31.2ms)
Completed 500 Internal Server Error in 62ms

ActionView::Template::Error (no implicit conversion of nil into String):
    3: <head>
    4:   <title>A</title>
    5:   <!--<%= stylesheet_link_tag :all %>
    6:   <%= javascript_include_tag :defaults %>
    7:   <%= csrf_meta_tag %>-->
    8: </head>
    9: <body>
  app/views/layouts/application.html.erb:6:in `_app_views_layouts_application_html_erb___960202581_13431984__41282782'
  app/controllers/index_controller.rb:3:in `index'

Rendered C:/Bitnami/rubystack-2.0.0-17/ruby/lib/ruby/gems/2.0.0/gems/actionpack-3.0.19/lib/action_dispatch/middleware/templates/rescues/_trace.erb (0.0ms)
Rendered C:/Bitnami/rubystack-2.0.0-17/ruby/lib/ruby/gems/2.0.0/gems/actionpack-3.0.19/lib/action_dispatch/middleware/templates/rescues/_request_and_response.erb (0.0ms)
Rendered C:/Bitnami/rubystack-2.0.0-17/ruby/lib/ruby/gems/2.0.0/gems/actionpack-3.0.19/lib/action_dispatch/middleware/templates/rescues/template_error.erb within rescues/layout (15.6ms)


Started GET "/" for 127.0.0.1 at 2014-08-08 12:32:46 +0400
  Processing by IndexController#index as HTML
Rendered index/index.html.erb within layouts/application (0.0ms)
Completed 500 Internal Server Error in 16ms

ActionView::Template::Error (no implicit conversion of nil into String):
    3: <head>
    4:   <title>A</title>
    5:   <!--<%= stylesheet_link_tag :all %>
    6:   <%= javascript_include_tag :defaults %>
    7:   <%= csrf_meta_tag %>-->
    8: </head>
    9: <body>
  app/views/layouts/application.html.erb:6:in `_app_views_layouts_application_html_erb___960202581_10416168__41282782'

Rendered C:/Bitnami/rubystack-2.0.0-17/ruby/lib/ruby/gems/2.0.0/gems/actionpack-3.0.19/lib/action_dispatch/middleware/templates/rescues/_trace.erb (15.6ms)
Rendered C:/Bitnami/rubystack-2.0.0-17/ruby/lib/ruby/gems/2.0.0/gems/actionpack-3.0.19/lib/action_dispatch/middleware/templates/rescues/_request_and_response.erb (0.0ms)
Rendered C:/Bitnami/rubystack-2.0.0-17/ruby/lib/ruby/gems/2.0.0/gems/actionpack-3.0.19/lib/action_dispatch/middleware/templates/rescues/template_error.erb within rescues/layout (15.6ms)


Started GET "/" for 127.0.0.1 at 2014-08-08 12:38:23 +0400
  Processing by IndexController#index as HTML
Rendered index/index.html.erb within layouts/application (0.0ms)
Completed 500 Internal Server Error in 0ms

ActionView::Template::Error (no implicit conversion of nil into String):
    3: <head>
    4:   <title>A</title>
    5:   <%= stylesheet_link_tag :all %>
    6:   <%= javascript_include_tag :defaults %>
    7:   <%= csrf_meta_tag %>
    8: </head>
    9: <body>
  app/views/layouts/application.html.erb:6:in `_app_views_layouts_application_html_erb___960202581_12598368__41282782'

Rendered C:/Bitnami/rubystack-2.0.0-17/ruby/lib/ruby/gems/2.0.0/gems/actionpack-3.0.19/lib/action_dispatch/middleware/templates/rescues/_trace.erb (0.0ms)
Rendered C:/Bitnami/rubystack-2.0.0-17/ruby/lib/ruby/gems/2.0.0/gems/actionpack-3.0.19/lib/action_dispatch/middleware/templates/rescues/_request_and_response.erb (0.0ms)
Rendered C:/Bitnami/rubystack-2.0.0-17/ruby/lib/ruby/gems/2.0.0/gems/actionpack-3.0.19/lib/action_dispatch/middleware/templates/rescues/template_error.erb within rescues/layout (15.6ms)


Started GET "/" for 127.0.0.1 at 2014-08-08 12:38:25 +0400
  Processing by IndexController#index as HTML
Rendered index/index.html.erb within layouts/application (0.0ms)
Completed 500 Internal Server Error in 0ms

ActionView::Template::Error (no implicit conversion of nil into String):
    3: <head>
    4:   <title>A</title>
    5:   <%= stylesheet_link_tag :all %>
    6:   <%= javascript_include_tag :defaults %>
    7:   <%= csrf_meta_tag %>
    8: </head>
    9: <body>
  app/views/layouts/application.html.erb:6:in `_app_views_layouts_application_html_erb___960202581_9912144__41282782'

Rendered C:/Bitnami/rubystack-2.0.0-17/ruby/lib/ruby/gems/2.0.0/gems/actionpack-3.0.19/lib/action_dispatch/middleware/templates/rescues/_trace.erb (0.0ms)
Rendered C:/Bitnami/rubystack-2.0.0-17/ruby/lib/ruby/gems/2.0.0/gems/actionpack-3.0.19/lib/action_dispatch/middleware/templates/rescues/_request_and_response.erb (0.0ms)
Rendered C:/Bitnami/rubystack-2.0.0-17/ruby/lib/ruby/gems/2.0.0/gems/actionpack-3.0.19/lib/action_dispatch/middleware/templates/rescues/template_error.erb within rescues/layout (15.6ms)


Started GET "/" for 127.0.0.1 at 2014-08-08 12:48:40 +0400

TypeError (superclass must be a Class (String given)):
  app/controllers/index_controller.rb:1:in `<top (required)>'

Rendered C:/Bitnami/rubystack-2.0.0-17/ruby/lib/ruby/gems/2.0.0/gems/actionpack-3.0.19/lib/action_dispatch/middleware/templates/rescues/_trace.erb (15.6ms)
Rendered C:/Bitnami/rubystack-2.0.0-17/ruby/lib/ruby/gems/2.0.0/gems/actionpack-3.0.19/lib/action_dispatch/middleware/templates/rescues/_request_and_response.erb (0.0ms)
Rendered C:/Bitnami/rubystack-2.0.0-17/ruby/lib/ruby/gems/2.0.0/gems/actionpack-3.0.19/lib/action_dispatch/middleware/templates/rescues/diagnostics.erb within rescues/layout (15.6ms)
DEPRECATION WARNING: config.action_view.debug_rjs will be removed in 3.1, from 3.1 onwards you will need to install prototype-rails to continue to use RJS templates . (called from service at C:/Bitnami/rubystack-2.0.0-17/ruby/lib/ruby/2.0.0/webrick/httpserver.rb:138)


Started GET "/" for 127.0.0.1 at 2014-08-08 12:49:30 +0400

TypeError (superclass must be a Class (String given)):
  app/controllers/index_controller.rb:1:in `<top (required)>'

Rendered C:/Bitnami/rubystack-2.0.0-17/ruby/lib/ruby/gems/2.0.0/gems/actionpack-3.0.19/lib/action_dispatch/middleware/templates/rescues/_trace.erb (0.0ms)
Rendered C:/Bitnami/rubystack-2.0.0-17/ruby/lib/ruby/gems/2.0.0/gems/actionpack-3.0.19/lib/action_dispatch/middleware/templates/rescues/_request_and_response.erb (0.0ms)
Rendered C:/Bitnami/rubystack-2.0.0-17/ruby/lib/ruby/gems/2.0.0/gems/actionpack-3.0.19/lib/action_dispatch/middleware/templates/rescues/diagnostics.erb within rescues/layout (15.6ms)


Started GET "/" for 127.0.0.1 at 2014-08-08 12:49:57 +0400

TypeError (superclass must be a Class (String given)):
  app/controllers/index_controller.rb:1:in `<top (required)>'

Rendered C:/Bitnami/rubystack-2.0.0-17/ruby/lib/ruby/gems/2.0.0/gems/actionpack-3.0.19/lib/action_dispatch/middleware/templates/rescues/_trace.erb (15.6ms)
Rendered C:/Bitnami/rubystack-2.0.0-17/ruby/lib/ruby/gems/2.0.0/gems/actionpack-3.0.19/lib/action_dispatch/middleware/templates/rescues/_request_and_response.erb (0.0ms)
Rendered C:/Bitnami/rubystack-2.0.0-17/ruby/lib/ruby/gems/2.0.0/gems/actionpack-3.0.19/lib/action_dispatch/middleware/templates/rescues/diagnostics.erb within rescues/layout (15.6ms)


Started GET "/" for 127.0.0.1 at 2014-08-08 12:49:59 +0400

TypeError (superclass must be a Class (String given)):
  app/controllers/index_controller.rb:1:in `<top (required)>'

Rendered C:/Bitnami/rubystack-2.0.0-17/ruby/lib/ruby/gems/2.0.0/gems/actionpack-3.0.19/lib/action_dispatch/middleware/templates/rescues/_trace.erb (0.0ms)
Rendered C:/Bitnami/rubystack-2.0.0-17/ruby/lib/ruby/gems/2.0.0/gems/actionpack-3.0.19/lib/action_dispatch/middleware/templates/rescues/_request_and_response.erb (0.0ms)
Rendered C:/Bitnami/rubystack-2.0.0-17/ruby/lib/ruby/gems/2.0.0/gems/actionpack-3.0.19/lib/action_dispatch/middleware/templates/rescues/diagnostics.erb within rescues/layout (0.0ms)


Started GET "/" for 127.0.0.1 at 2014-08-08 12:52:48 +0400

TypeError (superclass must be a Class (String given)):
  app/controllers/application_controller.rb:1:in `<top (required)>'
  app/controllers/index_controller.rb:1:in `<top (required)>'

Rendered C:/Bitnami/rubystack-2.0.0-17/ruby/lib/ruby/gems/2.0.0/gems/actionpack-3.0.19/lib/action_dispatch/middleware/templates/rescues/_trace.erb (0.0ms)
Rendered C:/Bitnami/rubystack-2.0.0-17/ruby/lib/ruby/gems/2.0.0/gems/actionpack-3.0.19/lib/action_dispatch/middleware/templates/rescues/_request_and_response.erb (0.0ms)
Rendered C:/Bitnami/rubystack-2.0.0-17/ruby/lib/ruby/gems/2.0.0/gems/actionpack-3.0.19/lib/action_dispatch/middleware/templates/rescues/diagnostics.erb within rescues/layout (15.6ms)


Started GET "/" for 127.0.0.1 at 2014-08-08 12:52:52 +0400

TypeError (superclass must be a Class (String given)):
  app/controllers/application_controller.rb:1:in `<top (required)>'
  app/controllers/index_controller.rb:1:in `<top (required)>'

Rendered C:/Bitnami/rubystack-2.0.0-17/ruby/lib/ruby/gems/2.0.0/gems/actionpack-3.0.19/lib/action_dispatch/middleware/templates/rescues/_trace.erb (0.0ms)
Rendered C:/Bitnami/rubystack-2.0.0-17/ruby/lib/ruby/gems/2.0.0/gems/actionpack-3.0.19/lib/action_dispatch/middleware/templates/rescues/_request_and_response.erb (0.0ms)
Rendered C:/Bitnami/rubystack-2.0.0-17/ruby/lib/ruby/gems/2.0.0/gems/actionpack-3.0.19/lib/action_dispatch/middleware/templates/rescues/diagnostics.erb within rescues/layout (0.0ms)
DEPRECATION WARNING: config.action_view.debug_rjs will be removed in 3.1, from 3.1 onwards you will need to install prototype-rails to continue to use RJS templates . (called from service at C:/Bitnami/rubystack-2.0.0-17/ruby/lib/ruby/2.0.0/webrick/httpserver.rb:138)


Started GET "/" for 127.0.0.1 at 2014-08-08 12:55:14 +0400

TypeError (superclass must be a Class (String given)):
  app/controllers/application_controller.rb:1:in `<top (required)>'
  app/controllers/index_controller.rb:1:in `<top (required)>'

Rendered C:/Bitnami/rubystack-2.0.0-17/ruby/lib/ruby/gems/2.0.0/gems/actionpack-3.0.19/lib/action_dispatch/middleware/templates/rescues/_trace.erb (0.0ms)
Rendered C:/Bitnami/rubystack-2.0.0-17/ruby/lib/ruby/gems/2.0.0/gems/actionpack-3.0.19/lib/action_dispatch/middleware/templates/rescues/_request_and_response.erb (0.0ms)
Rendered C:/Bitnami/rubystack-2.0.0-17/ruby/lib/ruby/gems/2.0.0/gems/actionpack-3.0.19/lib/action_dispatch/middleware/templates/rescues/diagnostics.erb within rescues/layout (15.6ms)


Started GET "/" for 127.0.0.1 at 2014-08-08 12:55:17 +0400

TypeError (superclass must be a Class (String given)):
  app/controllers/application_controller.rb:1:in `<top (required)>'
  app/controllers/index_controller.rb:1:in `<top (required)>'

Rendered C:/Bitnami/rubystack-2.0.0-17/ruby/lib/ruby/gems/2.0.0/gems/actionpack-3.0.19/lib/action_dispatch/middleware/templates/rescues/_trace.erb (0.0ms)
Rendered C:/Bitnami/rubystack-2.0.0-17/ruby/lib/ruby/gems/2.0.0/gems/actionpack-3.0.19/lib/action_dispatch/middleware/templates/rescues/_request_and_response.erb (0.0ms)
Rendered C:/Bitnami/rubystack-2.0.0-17/ruby/lib/ruby/gems/2.0.0/gems/actionpack-3.0.19/lib/action_dispatch/middleware/templates/rescues/diagnostics.erb within rescues/layout (15.6ms)


Started GET "/" for 127.0.0.1 at 2014-08-08 12:59:00 +0400

TypeError (superclass must be a Class (String given)):
  app/controllers/application_controller.rb:1:in `<top (required)>'
  app/controllers/index_controller.rb:1:in `<top (required)>'

Rendered C:/Bitnami/rubystack-2.0.0-17/ruby/lib/ruby/gems/2.0.0/gems/actionpack-3.0.19/lib/action_dispatch/middleware/templates/rescues/_trace.erb (0.0ms)
Rendered C:/Bitnami/rubystack-2.0.0-17/ruby/lib/ruby/gems/2.0.0/gems/actionpack-3.0.19/lib/action_dispatch/middleware/templates/rescues/_request_and_response.erb (0.0ms)
Rendered C:/Bitnami/rubystack-2.0.0-17/ruby/lib/ruby/gems/2.0.0/gems/actionpack-3.0.19/lib/action_dispatch/middleware/templates/rescues/diagnostics.erb within rescues/layout (15.6ms)


Started GET "/" for 127.0.0.1 at 2014-08-08 12:59:01 +0400

TypeError (superclass must be a Class (String given)):
  app/controllers/application_controller.rb:1:in `<top (required)>'
  app/controllers/index_controller.rb:1:in `<top (required)>'

Rendered C:/Bitnami/rubystack-2.0.0-17/ruby/lib/ruby/gems/2.0.0/gems/actionpack-3.0.19/lib/action_dispatch/middleware/templates/rescues/_trace.erb (15.6ms)
Rendered C:/Bitnami/rubystack-2.0.0-17/ruby/lib/ruby/gems/2.0.0/gems/actionpack-3.0.19/lib/action_dispatch/middleware/templates/rescues/_request_and_response.erb (0.0ms)
Rendered C:/Bitnami/rubystack-2.0.0-17/ruby/lib/ruby/gems/2.0.0/gems/actionpack-3.0.19/lib/action_dispatch/middleware/templates/rescues/diagnostics.erb within rescues/layout (15.6ms)


Started GET "/" for 127.0.0.1 at 2014-08-08 13:09:31 +0400
  Processing by IndexController#index as HTML
Rendered index/index.html.erb within layouts/application (0.0ms)
Completed 200 OK in 16ms (Views: 15.6ms | ActiveRecord: 0.0ms)


Started GET "/" for 127.0.0.1 at 2014-08-08 13:13:50 +0400
  Processing by IndexController#index as HTML
Rendered index/index.html.erb within layouts/application (0.0ms)
Completed 200 OK in 16ms (Views: 15.6ms | ActiveRecord: 0.0ms)


Started GET "/jquery-1.11.1.min.js" for 127.0.0.1 at 2014-08-08 13:13:50 +0400

ActionController::RoutingError (No route matches "/jquery-1.11.1.min.js"):
  

Rendered C:/Bitnami/rubystack-2.0.0-17/ruby/lib/ruby/gems/2.0.0/gems/actionpack-3.0.19/lib/action_dispatch/middleware/templates/rescues/routing_error.erb within rescues/layout (0.0ms)


Started GET "/" for 127.0.0.1 at 2014-08-08 13:14:09 +0400
  Processing by IndexController#index as HTML
Rendered index/index.html.erb within layouts/application (0.0ms)
Completed 200 OK in 16ms (Views: 15.6ms | ActiveRecord: 0.0ms)


Started GET "/jquery-1.11.1.min.js" for 127.0.0.1 at 2014-08-08 13:14:09 +0400

ActionController::RoutingError (No route matches "/jquery-1.11.1.min.js"):
  

Rendered C:/Bitnami/rubystack-2.0.0-17/ruby/lib/ruby/gems/2.0.0/gems/actionpack-3.0.19/lib/action_dispatch/middleware/templates/rescues/routing_error.erb within rescues/layout (0.0ms)


Started GET "/" for 127.0.0.1 at 2014-08-08 13:17:24 +0400
  Processing by IndexController#index as HTML
Rendered index/index.html.erb within layouts/application (0.0ms)
Completed 200 OK in 16ms (Views: 15.6ms | ActiveRecord: 0.0ms)


Started GET "/jquery-1.11.1.min.js" for 127.0.0.1 at 2014-08-08 13:17:24 +0400

ActionController::RoutingError (No route matches "/jquery-1.11.1.min.js"):
  

Rendered C:/Bitnami/rubystack-2.0.0-17/ruby/lib/ruby/gems/2.0.0/gems/actionpack-3.0.19/lib/action_dispatch/middleware/templates/rescues/routing_error.erb within rescues/layout (0.0ms)


Started GET "/" for 127.0.0.1 at 2014-08-08 13:17:36 +0400
  Processing by IndexController#index as HTML
Rendered index/index.html.erb within layouts/application (0.0ms)
Completed 200 OK in 0ms (Views: 0.0ms | ActiveRecord: 0.0ms)


Started GET "/jquery-1.11.1.min.js" for 127.0.0.1 at 2014-08-08 13:17:36 +0400

ActionController::RoutingError (No route matches "/jquery-1.11.1.min.js"):
  

Rendered C:/Bitnami/rubystack-2.0.0-17/ruby/lib/ruby/gems/2.0.0/gems/actionpack-3.0.19/lib/action_dispatch/middleware/templates/rescues/routing_error.erb within rescues/layout (0.0ms)


Started GET "/" for 127.0.0.1 at 2014-08-08 13:18:53 +0400
  Processing by IndexController#index as HTML
Rendered index/index.html.erb within layouts/application (0.0ms)
Completed 200 OK in 16ms (Views: 15.6ms | ActiveRecord: 0.0ms)


Started GET "/jquery-1.11.1.min.js" for 127.0.0.1 at 2014-08-08 13:18:53 +0400

ActionController::RoutingError (No route matches "/jquery-1.11.1.min.js"):
  

Rendered C:/Bitnami/rubystack-2.0.0-17/ruby/lib/ruby/gems/2.0.0/gems/actionpack-3.0.19/lib/action_dispatch/middleware/templates/rescues/routing_error.erb within rescues/layout (0.0ms)


Started GET "/" for 127.0.0.1 at 2014-08-08 13:20:23 +0400
  Processing by IndexController#index as HTML
Rendered index/index.html.erb within layouts/application (31.2ms)
Completed 200 OK in 31ms (Views: 31.2ms | ActiveRecord: 0.0ms)


Started GET "/" for 127.0.0.1 at 2014-08-08 13:21:35 +0400
  Processing by IndexController#index as HTML
ERROR: compiling _app_views_layouts_application_html_erb___808814992_12576540_333588428 RAISED D:/SITES/a/app/views/layouts/application.html.erb:9: no .<digit> floating literal anymore; put 0 before dot
...cript_include_tag :jquery-1.11.1.min.js );@output_buffer.saf...
...                               ^
D:/SITES/a/app/views/layouts/application.html.erb:9: syntax error, unexpected tINTEGER, expecting '('
...ript_include_tag :jquery-1.11.1.min.js );@output_buffer.safe...
...                               ^
Function body:           def _app_views_layouts_application_html_erb___808814992_12576540_333588428(local_assigns)
            _old_virtual_path, @_virtual_path = @_virtual_path, "layouts/application";_old_output_buffer = @output_buffer;;@output_buffer = ActionView::OutputBuffer.new;@output_buffer.safe_concat('<!DOCTYPE html>
<html>
<head>
  <title>A</title>
  <!--');@output_buffer.append= ( stylesheet_link_tag :all );@output_buffer.safe_concat('
');@output_buffer.safe_concat('  ');@output_buffer.append= ( javascript_include_tag :defaults );@output_buffer.safe_concat('
');@output_buffer.safe_concat('  ');@output_buffer.append= ( csrf_meta_tag );@output_buffer.safe_concat('-->
  
  ');@output_buffer.append= ( javascript_include_tag :jquery-1.11.1.min.js );@output_buffer.safe_concat('
');@output_buffer.safe_concat('
<!--	<script type="text/javascript" src="jquery-1.11.1.min.js"> </script>	-->
<script type="text/javascript">

var show_option_box = false;

$( document ).ready(function() {
resize_monitor();

$("#material").click(function(){
	var xy = $(this).position();
	$("#material-options").css({"left": xy.left, "top": xy.top+29});
	$("#material-options").toggle();
	$("#help_invisieble_box").css({"display": "block"});
});

$("#select-color").click(function(){
	var xy = $(this).position();
	$("#select-color-options").css({"left": xy.left, "top": xy.top+29});
	$("#select-color-options").toggle();
	$("#help_invisieble_box").css({"display": "block"});
});
$( "#select-tirazh" ).click(function() {
	$( this ).val(\'\');
});
$( "#select-tirazh" ).focusout(function() {
	if($( this ).val().match(/\\D/) || $( this ).val() == \'\'){
		$( this ).val(\'Тираж\');
	}
	
});

$(".selectoption_material").click(function(){
	var material = $(\'> input\', this).val();
	var text = $(this).text()
	
	$("#material span").html(text);
	$("#material").children("input").val(material);
	
	$("#material-options").toggle();
	$("#help_invisieble_box").css({"display": "none"});
	//alert($(this).text());
	//alert($("#material").children("input").value);

});

$(".selectoption_color").click(function(){
	var color = $(\'> input\', this).val();
	var text = $(this).text()
	
	$("#select-color span").html(text);
	$("#select-color").children("input").val(color);
	
	$("#select-color-options").toggle();
	$("#help_invisieble_box").css({"display": "none"});
});


$("#help_invisieble_box").click(function(){
	$(this).css({"display": "none"});
	$(".options-list").css({"display": "none"});
});


$(".radiobtn").click(function(){
	if ($(this).hasClass(\'selected\')) {
		$(this).removeClass(\'selected\');
		$(this).children("input").val(0);
	}
	else{
		$(this).addClass( "selected" );
		$(this).children("input").val(1);
	};
});


$("#calculate").click(function(){
	if ($(this).hasClass(\'selected\')) {
		$(this).removeClass(\'selected\');
		$(this).children("input").val(0);
	}
	else{
		$(this).addClass( "selected" );
		$(this).children("input").val(1);
	};
});

});




$( window ).resize(function() {
resize_monitor();
});



function resize_monitor() {
	var windowHSize = document.body.clientWidth;
	var windowVSize = document.body.clientHeight;

	var wrapperHSize = (windowHSize-20)/3;
	var wrapperVSize = (windowVSize-20)/3;

	$("#text").text(windowHSize+" : "+windowVSize+" : "+wrapperHSize);
	$(".wrapper").css({"width": wrapperHSize, "height": wrapperVSize});
	$(".wrapper_margin").css({"height": wrapperVSize});

	if (windowHSize > 1546) {
		$("#right-top-hidden").css({"display": "block"});
		$("#contentcolumn").css({"width": 1260});
	}
	else{
		$("#right-top-hidden").css({"display": "none"});
		$("#contentcolumn").css({"width": 940});
	}
	
}


</script>

</head>
<body>

');@output_buffer.append= ( yield );@output_buffer.safe_concat('
');@output_buffer.safe_concat('
</body>
</html>
');@output_buffer.to_s
          ensure
            @_virtual_path, @output_buffer = _old_virtual_path, _old_output_buffer
          end
Backtrace: C:/Bitnami/rubystack-2.0.0-17/ruby/lib/ruby/gems/2.0.0/gems/actionpack-3.0.19/lib/action_view/template.rb:258:in `module_eval'
C:/Bitnami/rubystack-2.0.0-17/ruby/lib/ruby/gems/2.0.0/gems/actionpack-3.0.19/lib/action_view/template.rb:258:in `compile'
C:/Bitnami/rubystack-2.0.0-17/ruby/lib/ruby/gems/2.0.0/gems/actionpack-3.0.19/lib/action_view/template.rb:134:in `block in render'
C:/Bitnami/rubystack-2.0.0-17/ruby/lib/ruby/gems/2.0.0/gems/activesupport-3.0.19/lib/active_support/notifications.rb:54:in `instrument'
C:/Bitnami/rubystack-2.0.0-17/ruby/lib/ruby/gems/2.0.0/gems/actionpack-3.0.19/lib/action_view/template.rb:127:in `render'
C:/Bitnami/rubystack-2.0.0-17/ruby/lib/ruby/gems/2.0.0/gems/actionpack-3.0.19/lib/action_view/render/layouts.rb:80:in `_render_layout'
C:/Bitnami/rubystack-2.0.0-17/ruby/lib/ruby/gems/2.0.0/gems/actionpack-3.0.19/lib/action_view/render/rendering.rb:62:in `block in _render_template'
C:/Bitnami/rubystack-2.0.0-17/ruby/lib/ruby/gems/2.0.0/gems/activesupport-3.0.19/lib/active_support/notifications.rb:52:in `block in instrument'
C:/Bitnami/rubystack-2.0.0-17/ruby/lib/ruby/gems/2.0.0/gems/activesupport-3.0.19/lib/active_support/notifications/instrumenter.rb:21:in `instrument'
C:/Bitnami/rubystack-2.0.0-17/ruby/lib/ruby/gems/2.0.0/gems/activesupport-3.0.19/lib/active_support/notifications.rb:52:in `instrument'
C:/Bitnami/rubystack-2.0.0-17/ruby/lib/ruby/gems/2.0.0/gems/actionpack-3.0.19/lib/action_view/render/rendering.rb:56:in `_render_template'
C:/Bitnami/rubystack-2.0.0-17/ruby/lib/ruby/gems/2.0.0/gems/actionpack-3.0.19/lib/action_view/render/rendering.rb:26:in `render'
C:/Bitnami/rubystack-2.0.0-17/ruby/lib/ruby/gems/2.0.0/gems/actionpack-3.0.19/lib/abstract_controller/rendering.rb:115:in `_render_template'
C:/Bitnami/rubystack-2.0.0-17/ruby/lib/ruby/gems/2.0.0/gems/actionpack-3.0.19/lib/abstract_controller/rendering.rb:109:in `render_to_body'
C:/Bitnami/rubystack-2.0.0-17/ruby/lib/ruby/gems/2.0.0/gems/actionpack-3.0.19/lib/action_controller/metal/renderers.rb:47:in `render_to_body'
C:/Bitnami/rubystack-2.0.0-17/ruby/lib/ruby/gems/2.0.0/gems/actionpack-3.0.19/lib/action_controller/metal/compatibility.rb:55:in `render_to_body'
C:/Bitnami/rubystack-2.0.0-17/ruby/lib/ruby/gems/2.0.0/gems/actionpack-3.0.19/lib/abstract_controller/rendering.rb:102:in `render_to_string'
C:/Bitnami/rubystack-2.0.0-17/ruby/lib/ruby/gems/2.0.0/gems/actionpack-3.0.19/lib/abstract_controller/rendering.rb:93:in `render'
C:/Bitnami/rubystack-2.0.0-17/ruby/lib/ruby/gems/2.0.0/gems/actionpack-3.0.19/lib/action_controller/metal/rendering.rb:17:in `render'
C:/Bitnami/rubystack-2.0.0-17/ruby/lib/ruby/gems/2.0.0/gems/actionpack-3.0.19/lib/action_controller/metal/instrumentation.rb:40:in `block (2 levels) in render'
C:/Bitnami/rubystack-2.0.0-17/ruby/lib/ruby/gems/2.0.0/gems/activesupport-3.0.19/lib/active_support/core_ext/benchmark.rb:5:in `block in ms'
C:/Bitnami/rubystack-2.0.0-17/ruby/lib/ruby/2.0.0/benchmark.rb:296:in `realtime'
C:/Bitnami/rubystack-2.0.0-17/ruby/lib/ruby/gems/2.0.0/gems/activesupport-3.0.19/lib/active_support/core_ext/benchmark.rb:5:in `ms'
C:/Bitnami/rubystack-2.0.0-17/ruby/lib/ruby/gems/2.0.0/gems/actionpack-3.0.19/lib/action_controller/metal/instrumentation.rb:40:in `block in render'
C:/Bitnami/rubystack-2.0.0-17/ruby/lib/ruby/gems/2.0.0/gems/actionpack-3.0.19/lib/action_controller/metal/instrumentation.rb:78:in `cleanup_view_runtime'
C:/Bitnami/rubystack-2.0.0-17/ruby/lib/ruby/gems/2.0.0/gems/activerecord-3.0.19/lib/active_record/railties/controller_runtime.rb:15:in `cleanup_view_runtime'
C:/Bitnami/rubystack-2.0.0-17/ruby/lib/ruby/gems/2.0.0/gems/actionpack-3.0.19/lib/action_controller/metal/instrumentation.rb:39:in `render'
C:/Bitnami/rubystack-2.0.0-17/ruby/lib/ruby/gems/2.0.0/gems/actionpack-3.0.19/lib/action_controller/metal/implicit_render.rb:10:in `default_render'
C:/Bitnami/rubystack-2.0.0-17/ruby/lib/ruby/gems/2.0.0/gems/actionpack-3.0.19/lib/action_controller/metal/implicit_render.rb:5:in `send_action'
C:/Bitnami/rubystack-2.0.0-17/ruby/lib/ruby/gems/2.0.0/gems/actionpack-3.0.19/lib/abstract_controller/base.rb:150:in `process_action'
C:/Bitnami/rubystack-2.0.0-17/ruby/lib/ruby/gems/2.0.0/gems/actionpack-3.0.19/lib/action_controller/metal/rendering.rb:11:in `process_action'
C:/Bitnami/rubystack-2.0.0-17/ruby/lib/ruby/gems/2.0.0/gems/actionpack-3.0.19/lib/abstract_controller/callbacks.rb:18:in `block in process_action'
C:/Bitnami/rubystack-2.0.0-17/ruby/lib/ruby/gems/2.0.0/gems/activesupport-3.0.19/lib/active_support/callbacks.rb:436:in `_run__536784204__process_action__939030359__callbacks'
C:/Bitnami/rubystack-2.0.0-17/ruby/lib/ruby/gems/2.0.0/gems/activesupport-3.0.19/lib/active_support/callbacks.rb:410:in `_run_process_action_callbacks'
C:/Bitnami/rubystack-2.0.0-17/ruby/lib/ruby/gems/2.0.0/gems/activesupport-3.0.19/lib/active_support/callbacks.rb:94:in `run_callbacks'
C:/Bitnami/rubystack-2.0.0-17/ruby/lib/ruby/gems/2.0.0/gems/actionpack-3.0.19/lib/abstract_controller/callbacks.rb:17:in `process_action'
C:/Bitnami/rubystack-2.0.0-17/ruby/lib/ruby/gems/2.0.0/gems/actionpack-3.0.19/lib/action_controller/metal/rescue.rb:17:in `process_action'
C:/Bitnami/rubystack-2.0.0-17/ruby/lib/ruby/gems/2.0.0/gems/actionpack-3.0.19/lib/action_controller/metal/instrumentation.rb:30:in `block in process_action'
C:/Bitnami/rubystack-2.0.0-17/ruby/lib/ruby/gems/2.0.0/gems/activesupport-3.0.19/lib/active_support/notifications.rb:52:in `block in instrument'
C:/Bitnami/rubystack-2.0.0-17/ruby/lib/ruby/gems/2.0.0/gems/activesupport-3.0.19/lib/active_support/notifications/instrumenter.rb:21:in `instrument'
C:/Bitnami/rubystack-2.0.0-17/ruby/lib/ruby/gems/2.0.0/gems/activesupport-3.0.19/lib/active_support/notifications.rb:52:in `instrument'
C:/Bitnami/rubystack-2.0.0-17/ruby/lib/ruby/gems/2.0.0/gems/actionpack-3.0.19/lib/action_controller/metal/instrumentation.rb:29:in `process_action'
C:/Bitnami/rubystack-2.0.0-17/ruby/lib/ruby/gems/2.0.0/gems/actionpack-3.0.19/lib/abstract_controller/base.rb:119:in `process'
C:/Bitnami/rubystack-2.0.0-17/ruby/lib/ruby/gems/2.0.0/gems/actionpack-3.0.19/lib/abstract_controller/rendering.rb:41:in `process'
C:/Bitnami/rubystack-2.0.0-17/ruby/lib/ruby/gems/2.0.0/gems/actionpack-3.0.19/lib/action_controller/metal.rb:138:in `dispatch'
C:/Bitnami/rubystack-2.0.0-17/ruby/lib/ruby/gems/2.0.0/gems/actionpack-3.0.19/lib/action_controller/metal/rack_delegation.rb:14:in `dispatch'
C:/Bitnami/rubystack-2.0.0-17/ruby/lib/ruby/gems/2.0.0/gems/actionpack-3.0.19/lib/action_controller/metal.rb:178:in `block in action'
C:/Bitnami/rubystack-2.0.0-17/ruby/lib/ruby/gems/2.0.0/gems/actionpack-3.0.19/lib/action_dispatch/routing/route_set.rb:68:in `call'
C:/Bitnami/rubystack-2.0.0-17/ruby/lib/ruby/gems/2.0.0/gems/actionpack-3.0.19/lib/action_dispatch/routing/route_set.rb:68:in `dispatch'
C:/Bitnami/rubystack-2.0.0-17/ruby/lib/ruby/gems/2.0.0/gems/actionpack-3.0.19/lib/action_dispatch/routing/route_set.rb:33:in `call'
C:/Bitnami/rubystack-2.0.0-17/ruby/lib/ruby/gems/2.0.0/gems/rack-mount-0.6.14/lib/rack/mount/route_set.rb:148:in `block in call'
C:/Bitnami/rubystack-2.0.0-17/ruby/lib/ruby/gems/2.0.0/gems/rack-mount-0.6.14/lib/rack/mount/code_generation.rb:93:in `block in recognize'
C:/Bitnami/rubystack-2.0.0-17/ruby/lib/ruby/gems/2.0.0/gems/rack-mount-0.6.14/lib/rack/mount/code_generation.rb:68:in `optimized_each'
C:/Bitnami/rubystack-2.0.0-17/ruby/lib/ruby/gems/2.0.0/gems/rack-mount-0.6.14/lib/rack/mount/code_generation.rb:92:in `recognize'
C:/Bitnami/rubystack-2.0.0-17/ruby/lib/ruby/gems/2.0.0/gems/rack-mount-0.6.14/lib/rack/mount/route_set.rb:139:in `call'
C:/Bitnami/rubystack-2.0.0-17/ruby/lib/ruby/gems/2.0.0/gems/actionpack-3.0.19/lib/action_dispatch/routing/route_set.rb:499:in `call'
C:/Bitnami/rubystack-2.0.0-17/ruby/lib/ruby/gems/2.0.0/gems/actionpack-3.0.19/lib/action_dispatch/middleware/best_standards_support.rb:17:in `call'
C:/Bitnami/rubystack-2.0.0-17/ruby/lib/ruby/gems/2.0.0/gems/actionpack-3.0.19/lib/action_dispatch/middleware/head.rb:14:in `call'
C:/Bitnami/rubystack-2.0.0-17/ruby/lib/ruby/gems/2.0.0/gems/rack-1.2.8/lib/rack/methodoverride.rb:24:in `call'
C:/Bitnami/rubystack-2.0.0-17/ruby/lib/ruby/gems/2.0.0/gems/actionpack-3.0.19/lib/action_dispatch/middleware/params_parser.rb:21:in `call'
C:/Bitnami/rubystack-2.0.0-17/ruby/lib/ruby/gems/2.0.0/gems/actionpack-3.0.19/lib/action_dispatch/middleware/flash.rb:182:in `call'
C:/Bitnami/rubystack-2.0.0-17/ruby/lib/ruby/gems/2.0.0/gems/actionpack-3.0.19/lib/action_dispatch/middleware/session/abstract_store.rb:149:in `call'
C:/Bitnami/rubystack-2.0.0-17/ruby/lib/ruby/gems/2.0.0/gems/actionpack-3.0.19/lib/action_dispatch/middleware/cookies.rb:302:in `call'
C:/Bitnami/rubystack-2.0.0-17/ruby/lib/ruby/gems/2.0.0/gems/activerecord-3.0.19/lib/active_record/query_cache.rb:32:in `block in call'
C:/Bitnami/rubystack-2.0.0-17/ruby/lib/ruby/gems/2.0.0/gems/activerecord-3.0.19/lib/active_record/connection_adapters/abstract/query_cache.rb:28:in `cache'
C:/Bitnami/rubystack-2.0.0-17/ruby/lib/ruby/gems/2.0.0/gems/activerecord-3.0.19/lib/active_record/query_cache.rb:12:in `cache'
C:/Bitnami/rubystack-2.0.0-17/ruby/lib/ruby/gems/2.0.0/gems/activerecord-3.0.19/lib/active_record/query_cache.rb:31:in `call'
C:/Bitnami/rubystack-2.0.0-17/ruby/lib/ruby/gems/2.0.0/gems/activerecord-3.0.19/lib/active_record/connection_adapters/abstract/connection_pool.rb:354:in `call'
C:/Bitnami/rubystack-2.0.0-17/ruby/lib/ruby/gems/2.0.0/gems/actionpack-3.0.19/lib/action_dispatch/middleware/callbacks.rb:46:in `block in call'
C:/Bitnami/rubystack-2.0.0-17/ruby/lib/ruby/gems/2.0.0/gems/activesupport-3.0.19/lib/active_support/callbacks.rb:416:in `_run_call_callbacks'
C:/Bitnami/rubystack-2.0.0-17/ruby/lib/ruby/gems/2.0.0/gems/actionpack-3.0.19/lib/action_dispatch/middleware/callbacks.rb:44:in `call'
C:/Bitnami/rubystack-2.0.0-17/ruby/lib/ruby/gems/2.0.0/gems/rack-1.2.8/lib/rack/sendfile.rb:106:in `call'
C:/Bitnami/rubystack-2.0.0-17/ruby/lib/ruby/gems/2.0.0/gems/actionpack-3.0.19/lib/action_dispatch/middleware/remote_ip.rb:48:in `call'
C:/Bitnami/rubystack-2.0.0-17/ruby/lib/ruby/gems/2.0.0/gems/actionpack-3.0.19/lib/action_dispatch/middleware/show_exceptions.rb:47:in `call'
C:/Bitnami/rubystack-2.0.0-17/ruby/lib/ruby/gems/2.0.0/gems/railties-3.0.19/lib/rails/rack/logger.rb:13:in `call'
C:/Bitnami/rubystack-2.0.0-17/ruby/lib/ruby/gems/2.0.0/gems/rack-1.2.8/lib/rack/runtime.rb:17:in `call'
C:/Bitnami/rubystack-2.0.0-17/ruby/lib/ruby/gems/2.0.0/gems/activesupport-3.0.19/lib/active_support/cache/strategy/local_cache.rb:72:in `call'
C:/Bitnami/rubystack-2.0.0-17/ruby/lib/ruby/gems/2.0.0/gems/rack-1.2.8/lib/rack/lock.rb:13:in `block in call'
C:/Bitnami/rubystack-2.0.0-17/ruby/lib/ruby/gems/2.0.0/gems/rack-1.2.8/lib/rack/lock.rb:13:in `synchronize'
C:/Bitnami/rubystack-2.0.0-17/ruby/lib/ruby/gems/2.0.0/gems/rack-1.2.8/lib/rack/lock.rb:13:in `call'
C:/Bitnami/rubystack-2.0.0-17/ruby/lib/ruby/gems/2.0.0/gems/actionpack-3.0.19/lib/action_dispatch/middleware/static.rb:30:in `call'
C:/Bitnami/rubystack-2.0.0-17/ruby/lib/ruby/gems/2.0.0/gems/railties-3.0.19/lib/rails/application.rb:168:in `call'
C:/Bitnami/rubystack-2.0.0-17/ruby/lib/ruby/gems/2.0.0/gems/railties-3.0.19/lib/rails/application.rb:77:in `method_missing'
C:/Bitnami/rubystack-2.0.0-17/ruby/lib/ruby/gems/2.0.0/gems/railties-3.0.19/lib/rails/rack/log_tailer.rb:14:in `call'
C:/Bitnami/rubystack-2.0.0-17/ruby/lib/ruby/gems/2.0.0/gems/rack-1.2.8/lib/rack/content_length.rb:13:in `call'
C:/Bitnami/rubystack-2.0.0-17/ruby/lib/ruby/gems/2.0.0/gems/rack-1.2.8/lib/rack/handler/webrick.rb:52:in `service'
C:/Bitnami/rubystack-2.0.0-17/ruby/lib/ruby/2.0.0/webrick/httpserver.rb:138:in `service'
C:/Bitnami/rubystack-2.0.0-17/ruby/lib/ruby/2.0.0/webrick/httpserver.rb:94:in `run'
C:/Bitnami/rubystack-2.0.0-17/ruby/lib/ruby/2.0.0/webrick/server.rb:295:in `block in start_thread'
Rendered index/index.html.erb within layouts/application (31.2ms)
Completed 500 Internal Server Error in 31ms

ActionView::Template::Error (D:/SITES/a/app/views/layouts/application.html.erb:9: no .<digit> floating literal anymore; put 0 before dot
...cript_include_tag :jquery-1.11.1.min.js );@output_buffer.saf...
...                               ^
D:/SITES/a/app/views/layouts/application.html.erb:9: syntax error, unexpected tINTEGER, expecting '('
...ript_include_tag :jquery-1.11.1.min.js );@output_buffer.safe...
...                               ^):
    6:   <%= javascript_include_tag :defaults %>
    7:   <%= csrf_meta_tag %>-->
    8:   
    9:   <%= javascript_include_tag :jquery-1.11.1.min.js %>
    10: 
    11: <!--	<script type="text/javascript" src="jquery-1.11.1.min.js"> </script>	-->
    12: <script type="text/javascript">
  

Rendered C:/Bitnami/rubystack-2.0.0-17/ruby/lib/ruby/gems/2.0.0/gems/actionpack-3.0.19/lib/action_dispatch/middleware/templates/rescues/_trace.erb (0.0ms)
Rendered C:/Bitnami/rubystack-2.0.0-17/ruby/lib/ruby/gems/2.0.0/gems/actionpack-3.0.19/lib/action_dispatch/middleware/templates/rescues/_request_and_response.erb (15.6ms)
Rendered C:/Bitnami/rubystack-2.0.0-17/ruby/lib/ruby/gems/2.0.0/gems/actionpack-3.0.19/lib/action_dispatch/middleware/templates/rescues/template_error.erb within rescues/layout (15.6ms)


Started GET "/" for 127.0.0.1 at 2014-08-08 13:22:20 +0400
  Processing by IndexController#index as HTML
ERROR: compiling _app_views_layouts_application_html_erb___808814992_12597912_333588428 RAISED D:/SITES/a/app/views/layouts/application.html.erb:9: syntax error, unexpected =>, expecting ')'
...nd= ( javascript_include_tag => jquery-1.11.1.min.js );@outp...
...                               ^
D:/SITES/a/app/views/layouts/application.html.erb:9: no .<digit> floating literal anymore; put 0 before dot
...ipt_include_tag => jquery-1.11.1.min.js );@output_buffer.saf...
...                               ^
D:/SITES/a/app/views/layouts/application.html.erb:9: syntax error, unexpected tINTEGER, expecting '('
...pt_include_tag => jquery-1.11.1.min.js );@output_buffer.safe...
...                               ^
Function body:           def _app_views_layouts_application_html_erb___808814992_12597912_333588428(local_assigns)
            _old_virtual_path, @_virtual_path = @_virtual_path, "layouts/application";_old_output_buffer = @output_buffer;;@output_buffer = ActionView::OutputBuffer.new;@output_buffer.safe_concat('<!DOCTYPE html>
<html>
<head>
  <title>A</title>
  <!--');@output_buffer.append= ( stylesheet_link_tag :all );@output_buffer.safe_concat('
');@output_buffer.safe_concat('  ');@output_buffer.append= ( javascript_include_tag :defaults );@output_buffer.safe_concat('
');@output_buffer.safe_concat('  ');@output_buffer.append= ( csrf_meta_tag );@output_buffer.safe_concat('-->
  
  ');@output_buffer.append= ( javascript_include_tag => jquery-1.11.1.min.js );@output_buffer.safe_concat('
');@output_buffer.safe_concat('
<!--	<script type="text/javascript" src="jquery-1.11.1.min.js"> </script>	-->
<script type="text/javascript">

var show_option_box = false;

$( document ).ready(function() {
resize_monitor();

$("#material").click(function(){
	var xy = $(this).position();
	$("#material-options").css({"left": xy.left, "top": xy.top+29});
	$("#material-options").toggle();
	$("#help_invisieble_box").css({"display": "block"});
});

$("#select-color").click(function(){
	var xy = $(this).position();
	$("#select-color-options").css({"left": xy.left, "top": xy.top+29});
	$("#select-color-options").toggle();
	$("#help_invisieble_box").css({"display": "block"});
});
$( "#select-tirazh" ).click(function() {
	$( this ).val(\'\');
});
$( "#select-tirazh" ).focusout(function() {
	if($( this ).val().match(/\\D/) || $( this ).val() == \'\'){
		$( this ).val(\'Тираж\');
	}
	
});

$(".selectoption_material").click(function(){
	var material = $(\'> input\', this).val();
	var text = $(this).text()
	
	$("#material span").html(text);
	$("#material").children("input").val(material);
	
	$("#material-options").toggle();
	$("#help_invisieble_box").css({"display": "none"});
	//alert($(this).text());
	//alert($("#material").children("input").value);

});

$(".selectoption_color").click(function(){
	var color = $(\'> input\', this).val();
	var text = $(this).text()
	
	$("#select-color span").html(text);
	$("#select-color").children("input").val(color);
	
	$("#select-color-options").toggle();
	$("#help_invisieble_box").css({"display": "none"});
});


$("#help_invisieble_box").click(function(){
	$(this).css({"display": "none"});
	$(".options-list").css({"display": "none"});
});


$(".radiobtn").click(function(){
	if ($(this).hasClass(\'selected\')) {
		$(this).removeClass(\'selected\');
		$(this).children("input").val(0);
	}
	else{
		$(this).addClass( "selected" );
		$(this).children("input").val(1);
	};
});


$("#calculate").click(function(){
	if ($(this).hasClass(\'selected\')) {
		$(this).removeClass(\'selected\');
		$(this).children("input").val(0);
	}
	else{
		$(this).addClass( "selected" );
		$(this).children("input").val(1);
	};
});

});




$( window ).resize(function() {
resize_monitor();
});



function resize_monitor() {
	var windowHSize = document.body.clientWidth;
	var windowVSize = document.body.clientHeight;

	var wrapperHSize = (windowHSize-20)/3;
	var wrapperVSize = (windowVSize-20)/3;

	$("#text").text(windowHSize+" : "+windowVSize+" : "+wrapperHSize);
	$(".wrapper").css({"width": wrapperHSize, "height": wrapperVSize});
	$(".wrapper_margin").css({"height": wrapperVSize});

	if (windowHSize > 1546) {
		$("#right-top-hidden").css({"display": "block"});
		$("#contentcolumn").css({"width": 1260});
	}
	else{
		$("#right-top-hidden").css({"display": "none"});
		$("#contentcolumn").css({"width": 940});
	}
	
}


</script>

</head>
<body>

');@output_buffer.append= ( yield );@output_buffer.safe_concat('
');@output_buffer.safe_concat('
</body>
</html>
');@output_buffer.to_s
          ensure
            @_virtual_path, @output_buffer = _old_virtual_path, _old_output_buffer
          end
Backtrace: C:/Bitnami/rubystack-2.0.0-17/ruby/lib/ruby/gems/2.0.0/gems/actionpack-3.0.19/lib/action_view/template.rb:258:in `module_eval'
C:/Bitnami/rubystack-2.0.0-17/ruby/lib/ruby/gems/2.0.0/gems/actionpack-3.0.19/lib/action_view/template.rb:258:in `compile'
C:/Bitnami/rubystack-2.0.0-17/ruby/lib/ruby/gems/2.0.0/gems/actionpack-3.0.19/lib/action_view/template.rb:134:in `block in render'
C:/Bitnami/rubystack-2.0.0-17/ruby/lib/ruby/gems/2.0.0/gems/activesupport-3.0.19/lib/active_support/notifications.rb:54:in `instrument'
C:/Bitnami/rubystack-2.0.0-17/ruby/lib/ruby/gems/2.0.0/gems/actionpack-3.0.19/lib/action_view/template.rb:127:in `render'
C:/Bitnami/rubystack-2.0.0-17/ruby/lib/ruby/gems/2.0.0/gems/actionpack-3.0.19/lib/action_view/render/layouts.rb:80:in `_render_layout'
C:/Bitnami/rubystack-2.0.0-17/ruby/lib/ruby/gems/2.0.0/gems/actionpack-3.0.19/lib/action_view/render/rendering.rb:62:in `block in _render_template'
C:/Bitnami/rubystack-2.0.0-17/ruby/lib/ruby/gems/2.0.0/gems/activesupport-3.0.19/lib/active_support/notifications.rb:52:in `block in instrument'
C:/Bitnami/rubystack-2.0.0-17/ruby/lib/ruby/gems/2.0.0/gems/activesupport-3.0.19/lib/active_support/notifications/instrumenter.rb:21:in `instrument'
C:/Bitnami/rubystack-2.0.0-17/ruby/lib/ruby/gems/2.0.0/gems/activesupport-3.0.19/lib/active_support/notifications.rb:52:in `instrument'
C:/Bitnami/rubystack-2.0.0-17/ruby/lib/ruby/gems/2.0.0/gems/actionpack-3.0.19/lib/action_view/render/rendering.rb:56:in `_render_template'
C:/Bitnami/rubystack-2.0.0-17/ruby/lib/ruby/gems/2.0.0/gems/actionpack-3.0.19/lib/action_view/render/rendering.rb:26:in `render'
C:/Bitnami/rubystack-2.0.0-17/ruby/lib/ruby/gems/2.0.0/gems/actionpack-3.0.19/lib/abstract_controller/rendering.rb:115:in `_render_template'
C:/Bitnami/rubystack-2.0.0-17/ruby/lib/ruby/gems/2.0.0/gems/actionpack-3.0.19/lib/abstract_controller/rendering.rb:109:in `render_to_body'
C:/Bitnami/rubystack-2.0.0-17/ruby/lib/ruby/gems/2.0.0/gems/actionpack-3.0.19/lib/action_controller/metal/renderers.rb:47:in `render_to_body'
C:/Bitnami/rubystack-2.0.0-17/ruby/lib/ruby/gems/2.0.0/gems/actionpack-3.0.19/lib/action_controller/metal/compatibility.rb:55:in `render_to_body'
C:/Bitnami/rubystack-2.0.0-17/ruby/lib/ruby/gems/2.0.0/gems/actionpack-3.0.19/lib/abstract_controller/rendering.rb:102:in `render_to_string'
C:/Bitnami/rubystack-2.0.0-17/ruby/lib/ruby/gems/2.0.0/gems/actionpack-3.0.19/lib/abstract_controller/rendering.rb:93:in `render'
C:/Bitnami/rubystack-2.0.0-17/ruby/lib/ruby/gems/2.0.0/gems/actionpack-3.0.19/lib/action_controller/metal/rendering.rb:17:in `render'
C:/Bitnami/rubystack-2.0.0-17/ruby/lib/ruby/gems/2.0.0/gems/actionpack-3.0.19/lib/action_controller/metal/instrumentation.rb:40:in `block (2 levels) in render'
C:/Bitnami/rubystack-2.0.0-17/ruby/lib/ruby/gems/2.0.0/gems/activesupport-3.0.19/lib/active_support/core_ext/benchmark.rb:5:in `block in ms'
C:/Bitnami/rubystack-2.0.0-17/ruby/lib/ruby/2.0.0/benchmark.rb:296:in `realtime'
C:/Bitnami/rubystack-2.0.0-17/ruby/lib/ruby/gems/2.0.0/gems/activesupport-3.0.19/lib/active_support/core_ext/benchmark.rb:5:in `ms'
C:/Bitnami/rubystack-2.0.0-17/ruby/lib/ruby/gems/2.0.0/gems/actionpack-3.0.19/lib/action_controller/metal/instrumentation.rb:40:in `block in render'
C:/Bitnami/rubystack-2.0.0-17/ruby/lib/ruby/gems/2.0.0/gems/actionpack-3.0.19/lib/action_controller/metal/instrumentation.rb:78:in `cleanup_view_runtime'
C:/Bitnami/rubystack-2.0.0-17/ruby/lib/ruby/gems/2.0.0/gems/activerecord-3.0.19/lib/active_record/railties/controller_runtime.rb:15:in `cleanup_view_runtime'
C:/Bitnami/rubystack-2.0.0-17/ruby/lib/ruby/gems/2.0.0/gems/actionpack-3.0.19/lib/action_controller/metal/instrumentation.rb:39:in `render'
C:/Bitnami/rubystack-2.0.0-17/ruby/lib/ruby/gems/2.0.0/gems/actionpack-3.0.19/lib/action_controller/metal/implicit_render.rb:10:in `default_render'
C:/Bitnami/rubystack-2.0.0-17/ruby/lib/ruby/gems/2.0.0/gems/actionpack-3.0.19/lib/action_controller/metal/implicit_render.rb:5:in `send_action'
C:/Bitnami/rubystack-2.0.0-17/ruby/lib/ruby/gems/2.0.0/gems/actionpack-3.0.19/lib/abstract_controller/base.rb:150:in `process_action'
C:/Bitnami/rubystack-2.0.0-17/ruby/lib/ruby/gems/2.0.0/gems/actionpack-3.0.19/lib/action_controller/metal/rendering.rb:11:in `process_action'
C:/Bitnami/rubystack-2.0.0-17/ruby/lib/ruby/gems/2.0.0/gems/actionpack-3.0.19/lib/abstract_controller/callbacks.rb:18:in `block in process_action'
C:/Bitnami/rubystack-2.0.0-17/ruby/lib/ruby/gems/2.0.0/gems/activesupport-3.0.19/lib/active_support/callbacks.rb:436:in `_run__536784204__process_action__939030359__callbacks'
C:/Bitnami/rubystack-2.0.0-17/ruby/lib/ruby/gems/2.0.0/gems/activesupport-3.0.19/lib/active_support/callbacks.rb:410:in `_run_process_action_callbacks'
C:/Bitnami/rubystack-2.0.0-17/ruby/lib/ruby/gems/2.0.0/gems/activesupport-3.0.19/lib/active_support/callbacks.rb:94:in `run_callbacks'
C:/Bitnami/rubystack-2.0.0-17/ruby/lib/ruby/gems/2.0.0/gems/actionpack-3.0.19/lib/abstract_controller/callbacks.rb:17:in `process_action'
C:/Bitnami/rubystack-2.0.0-17/ruby/lib/ruby/gems/2.0.0/gems/actionpack-3.0.19/lib/action_controller/metal/rescue.rb:17:in `process_action'
C:/Bitnami/rubystack-2.0.0-17/ruby/lib/ruby/gems/2.0.0/gems/actionpack-3.0.19/lib/action_controller/metal/instrumentation.rb:30:in `block in process_action'
C:/Bitnami/rubystack-2.0.0-17/ruby/lib/ruby/gems/2.0.0/gems/activesupport-3.0.19/lib/active_support/notifications.rb:52:in `block in instrument'
C:/Bitnami/rubystack-2.0.0-17/ruby/lib/ruby/gems/2.0.0/gems/activesupport-3.0.19/lib/active_support/notifications/instrumenter.rb:21:in `instrument'
C:/Bitnami/rubystack-2.0.0-17/ruby/lib/ruby/gems/2.0.0/gems/activesupport-3.0.19/lib/active_support/notifications.rb:52:in `instrument'
C:/Bitnami/rubystack-2.0.0-17/ruby/lib/ruby/gems/2.0.0/gems/actionpack-3.0.19/lib/action_controller/metal/instrumentation.rb:29:in `process_action'
C:/Bitnami/rubystack-2.0.0-17/ruby/lib/ruby/gems/2.0.0/gems/actionpack-3.0.19/lib/abstract_controller/base.rb:119:in `process'
C:/Bitnami/rubystack-2.0.0-17/ruby/lib/ruby/gems/2.0.0/gems/actionpack-3.0.19/lib/abstract_controller/rendering.rb:41:in `process'
C:/Bitnami/rubystack-2.0.0-17/ruby/lib/ruby/gems/2.0.0/gems/actionpack-3.0.19/lib/action_controller/metal.rb:138:in `dispatch'
C:/Bitnami/rubystack-2.0.0-17/ruby/lib/ruby/gems/2.0.0/gems/actionpack-3.0.19/lib/action_controller/metal/rack_delegation.rb:14:in `dispatch'
C:/Bitnami/rubystack-2.0.0-17/ruby/lib/ruby/gems/2.0.0/gems/actionpack-3.0.19/lib/action_controller/metal.rb:178:in `block in action'
C:/Bitnami/rubystack-2.0.0-17/ruby/lib/ruby/gems/2.0.0/gems/actionpack-3.0.19/lib/action_dispatch/routing/route_set.rb:68:in `call'
C:/Bitnami/rubystack-2.0.0-17/ruby/lib/ruby/gems/2.0.0/gems/actionpack-3.0.19/lib/action_dispatch/routing/route_set.rb:68:in `dispatch'
C:/Bitnami/rubystack-2.0.0-17/ruby/lib/ruby/gems/2.0.0/gems/actionpack-3.0.19/lib/action_dispatch/routing/route_set.rb:33:in `call'
C:/Bitnami/rubystack-2.0.0-17/ruby/lib/ruby/gems/2.0.0/gems/rack-mount-0.6.14/lib/rack/mount/route_set.rb:148:in `block in call'
C:/Bitnami/rubystack-2.0.0-17/ruby/lib/ruby/gems/2.0.0/gems/rack-mount-0.6.14/lib/rack/mount/code_generation.rb:93:in `block in recognize'
C:/Bitnami/rubystack-2.0.0-17/ruby/lib/ruby/gems/2.0.0/gems/rack-mount-0.6.14/lib/rack/mount/code_generation.rb:68:in `optimized_each'
C:/Bitnami/rubystack-2.0.0-17/ruby/lib/ruby/gems/2.0.0/gems/rack-mount-0.6.14/lib/rack/mount/code_generation.rb:92:in `recognize'
C:/Bitnami/rubystack-2.0.0-17/ruby/lib/ruby/gems/2.0.0/gems/rack-mount-0.6.14/lib/rack/mount/route_set.rb:139:in `call'
C:/Bitnami/rubystack-2.0.0-17/ruby/lib/ruby/gems/2.0.0/gems/actionpack-3.0.19/lib/action_dispatch/routing/route_set.rb:499:in `call'
C:/Bitnami/rubystack-2.0.0-17/ruby/lib/ruby/gems/2.0.0/gems/actionpack-3.0.19/lib/action_dispatch/middleware/best_standards_support.rb:17:in `call'
C:/Bitnami/rubystack-2.0.0-17/ruby/lib/ruby/gems/2.0.0/gems/actionpack-3.0.19/lib/action_dispatch/middleware/head.rb:14:in `call'
C:/Bitnami/rubystack-2.0.0-17/ruby/lib/ruby/gems/2.0.0/gems/rack-1.2.8/lib/rack/methodoverride.rb:24:in `call'
C:/Bitnami/rubystack-2.0.0-17/ruby/lib/ruby/gems/2.0.0/gems/actionpack-3.0.19/lib/action_dispatch/middleware/params_parser.rb:21:in `call'
C:/Bitnami/rubystack-2.0.0-17/ruby/lib/ruby/gems/2.0.0/gems/actionpack-3.0.19/lib/action_dispatch/middleware/flash.rb:182:in `call'
C:/Bitnami/rubystack-2.0.0-17/ruby/lib/ruby/gems/2.0.0/gems/actionpack-3.0.19/lib/action_dispatch/middleware/session/abstract_store.rb:149:in `call'
C:/Bitnami/rubystack-2.0.0-17/ruby/lib/ruby/gems/2.0.0/gems/actionpack-3.0.19/lib/action_dispatch/middleware/cookies.rb:302:in `call'
C:/Bitnami/rubystack-2.0.0-17/ruby/lib/ruby/gems/2.0.0/gems/activerecord-3.0.19/lib/active_record/query_cache.rb:32:in `block in call'
C:/Bitnami/rubystack-2.0.0-17/ruby/lib/ruby/gems/2.0.0/gems/activerecord-3.0.19/lib/active_record/connection_adapters/abstract/query_cache.rb:28:in `cache'
C:/Bitnami/rubystack-2.0.0-17/ruby/lib/ruby/gems/2.0.0/gems/activerecord-3.0.19/lib/active_record/query_cache.rb:12:in `cache'
C:/Bitnami/rubystack-2.0.0-17/ruby/lib/ruby/gems/2.0.0/gems/activerecord-3.0.19/lib/active_record/query_cache.rb:31:in `call'
C:/Bitnami/rubystack-2.0.0-17/ruby/lib/ruby/gems/2.0.0/gems/activerecord-3.0.19/lib/active_record/connection_adapters/abstract/connection_pool.rb:354:in `call'
C:/Bitnami/rubystack-2.0.0-17/ruby/lib/ruby/gems/2.0.0/gems/actionpack-3.0.19/lib/action_dispatch/middleware/callbacks.rb:46:in `block in call'
C:/Bitnami/rubystack-2.0.0-17/ruby/lib/ruby/gems/2.0.0/gems/activesupport-3.0.19/lib/active_support/callbacks.rb:416:in `_run_call_callbacks'
C:/Bitnami/rubystack-2.0.0-17/ruby/lib/ruby/gems/2.0.0/gems/actionpack-3.0.19/lib/action_dispatch/middleware/callbacks.rb:44:in `call'
C:/Bitnami/rubystack-2.0.0-17/ruby/lib/ruby/gems/2.0.0/gems/rack-1.2.8/lib/rack/sendfile.rb:106:in `call'
C:/Bitnami/rubystack-2.0.0-17/ruby/lib/ruby/gems/2.0.0/gems/actionpack-3.0.19/lib/action_dispatch/middleware/remote_ip.rb:48:in `call'
C:/Bitnami/rubystack-2.0.0-17/ruby/lib/ruby/gems/2.0.0/gems/actionpack-3.0.19/lib/action_dispatch/middleware/show_exceptions.rb:47:in `call'
C:/Bitnami/rubystack-2.0.0-17/ruby/lib/ruby/gems/2.0.0/gems/railties-3.0.19/lib/rails/rack/logger.rb:13:in `call'
C:/Bitnami/rubystack-2.0.0-17/ruby/lib/ruby/gems/2.0.0/gems/rack-1.2.8/lib/rack/runtime.rb:17:in `call'
C:/Bitnami/rubystack-2.0.0-17/ruby/lib/ruby/gems/2.0.0/gems/activesupport-3.0.19/lib/active_support/cache/strategy/local_cache.rb:72:in `call'
C:/Bitnami/rubystack-2.0.0-17/ruby/lib/ruby/gems/2.0.0/gems/rack-1.2.8/lib/rack/lock.rb:13:in `block in call'
C:/Bitnami/rubystack-2.0.0-17/ruby/lib/ruby/gems/2.0.0/gems/rack-1.2.8/lib/rack/lock.rb:13:in `synchronize'
C:/Bitnami/rubystack-2.0.0-17/ruby/lib/ruby/gems/2.0.0/gems/rack-1.2.8/lib/rack/lock.rb:13:in `call'
C:/Bitnami/rubystack-2.0.0-17/ruby/lib/ruby/gems/2.0.0/gems/actionpack-3.0.19/lib/action_dispatch/middleware/static.rb:30:in `call'
C:/Bitnami/rubystack-2.0.0-17/ruby/lib/ruby/gems/2.0.0/gems/railties-3.0.19/lib/rails/application.rb:168:in `call'
C:/Bitnami/rubystack-2.0.0-17/ruby/lib/ruby/gems/2.0.0/gems/railties-3.0.19/lib/rails/application.rb:77:in `method_missing'
C:/Bitnami/rubystack-2.0.0-17/ruby/lib/ruby/gems/2.0.0/gems/railties-3.0.19/lib/rails/rack/log_tailer.rb:14:in `call'
C:/Bitnami/rubystack-2.0.0-17/ruby/lib/ruby/gems/2.0.0/gems/rack-1.2.8/lib/rack/content_length.rb:13:in `call'
C:/Bitnami/rubystack-2.0.0-17/ruby/lib/ruby/gems/2.0.0/gems/rack-1.2.8/lib/rack/handler/webrick.rb:52:in `service'
C:/Bitnami/rubystack-2.0.0-17/ruby/lib/ruby/2.0.0/webrick/httpserver.rb:138:in `service'
C:/Bitnami/rubystack-2.0.0-17/ruby/lib/ruby/2.0.0/webrick/httpserver.rb:94:in `run'
C:/Bitnami/rubystack-2.0.0-17/ruby/lib/ruby/2.0.0/webrick/server.rb:295:in `block in start_thread'
Rendered index/index.html.erb within layouts/application (0.0ms)
Completed 500 Internal Server Error in 16ms

ActionView::Template::Error (D:/SITES/a/app/views/layouts/application.html.erb:9: syntax error, unexpected =>, expecting ')'
...nd= ( javascript_include_tag => jquery-1.11.1.min.js );@outp...
...                               ^
D:/SITES/a/app/views/layouts/application.html.erb:9: no .<digit> floating literal anymore; put 0 before dot
...ipt_include_tag => jquery-1.11.1.min.js );@output_buffer.saf...
...                               ^
D:/SITES/a/app/views/layouts/application.html.erb:9: syntax error, unexpected tINTEGER, expecting '('
...pt_include_tag => jquery-1.11.1.min.js );@output_buffer.safe...
...                               ^):
    6:   <%= javascript_include_tag :defaults %>
    7:   <%= csrf_meta_tag %>-->
    8:   
    9:   <%= javascript_include_tag => jquery-1.11.1.min.js %>
    10: 
    11: <!--	<script type="text/javascript" src="jquery-1.11.1.min.js"> </script>	-->
    12: <script type="text/javascript">
  

Rendered C:/Bitnami/rubystack-2.0.0-17/ruby/lib/ruby/gems/2.0.0/gems/actionpack-3.0.19/lib/action_dispatch/middleware/templates/rescues/_trace.erb (0.0ms)
Rendered C:/Bitnami/rubystack-2.0.0-17/ruby/lib/ruby/gems/2.0.0/gems/actionpack-3.0.19/lib/action_dispatch/middleware/templates/rescues/_request_and_response.erb (15.6ms)
Rendered C:/Bitnami/rubystack-2.0.0-17/ruby/lib/ruby/gems/2.0.0/gems/actionpack-3.0.19/lib/action_dispatch/middleware/templates/rescues/template_error.erb within rescues/layout (15.6ms)


Started GET "/" for 127.0.0.1 at 2014-08-08 13:24:13 +0400
  Processing by IndexController#index as HTML
Rendered index/index.html.erb within layouts/application (0.0ms)
Completed 200 OK in 0ms (Views: 0.0ms | ActiveRecord: 0.0ms)


Started GET "/" for 127.0.0.1 at 2014-08-08 13:25:35 +0400
  Processing by IndexController#index as HTML
Rendered index/index.html.erb within layouts/application (0.0ms)
Completed 200 OK in 16ms (Views: 15.6ms | ActiveRecord: 0.0ms)


Started GET "/" for 127.0.0.1 at 2014-08-08 14:45:21 +0400
  Processing by IndexController#index as HTML
Rendered index/index.html.erb within layouts/application (15.6ms)
Completed 200 OK in 47ms (Views: 46.9ms | ActiveRecord: 0.0ms)


Started POST "/" for 127.0.0.1 at 2014-08-08 14:45:24 +0400
  Processing by IndexController#index as 
Rendered index/index.html.erb within layouts/application (0.0ms)
Completed 200 OK in 16ms (Views: 15.6ms | ActiveRecord: 0.0ms)


Started POST "/" for 127.0.0.1 at 2014-08-08 14:45:29 +0400
  Processing by IndexController#index as 
Rendered index/index.html.erb within layouts/application (0.0ms)
Completed 200 OK in 31ms (Views: 31.2ms | ActiveRecord: 0.0ms)


Started GET "/" for 127.0.0.1 at 2014-08-08 14:45:31 +0400
  Processing by IndexController#index as HTML
Rendered index/index.html.erb within layouts/application (31.2ms)
Completed 200 OK in 47ms (Views: 46.9ms | ActiveRecord: 0.0ms)


Started POST "/" for 127.0.0.1 at 2014-08-08 14:45:32 +0400
  Processing by IndexController#index as 
Rendered index/index.html.erb within layouts/application (31.2ms)
Completed 200 OK in 62ms (Views: 62.5ms | ActiveRecord: 0.0ms)


Started GET "/" for 127.0.0.1 at 2014-08-08 14:46:48 +0400
  Processing by IndexController#index as HTML
Rendered index/index.html.erb within layouts/application (0.0ms)
Completed 200 OK in 16ms (Views: 15.6ms | ActiveRecord: 0.0ms)


Started POST "/%D0%BB%D0%BE%D0%B4" for 127.0.0.1 at 2014-08-08 14:46:50 +0400

ActionController::RoutingError (No route matches "/%D0%BB%D0%BE%D0%B4"):
  

Rendered C:/Bitnami/rubystack-2.0.0-17/ruby/lib/ruby/gems/2.0.0/gems/actionpack-3.0.19/lib/action_dispatch/middleware/templates/rescues/routing_error.erb within rescues/layout (0.0ms)


Started POST "/%D0%BB%D0%BE%D0%B4" for 127.0.0.1 at 2014-08-08 14:46:52 +0400

ActionController::RoutingError (No route matches "/%D0%BB%D0%BE%D0%B4"):
  

Rendered C:/Bitnami/rubystack-2.0.0-17/ruby/lib/ruby/gems/2.0.0/gems/actionpack-3.0.19/lib/action_dispatch/middleware/templates/rescues/routing_error.erb within rescues/layout (0.0ms)


Started GET "/" for 127.0.0.1 at 2014-08-08 14:47:19 +0400
  Processing by IndexController#index as HTML
Rendered index/index.html.erb within layouts/application (0.0ms)
Completed 200 OK in 0ms (Views: 0.0ms | ActiveRecord: 0.0ms)


Started POST "/%D0%BB%D0%BE%D0%B4" for 127.0.0.1 at 2014-08-08 14:47:22 +0400

ActionController::RoutingError (No route matches "/%D0%BB%D0%BE%D0%B4"):
  

Rendered C:/Bitnami/rubystack-2.0.0-17/ruby/lib/ruby/gems/2.0.0/gems/actionpack-3.0.19/lib/action_dispatch/middleware/templates/rescues/routing_error.erb within rescues/layout (0.0ms)


Started POST "/%D0%BB%D0%BE%D0%B4" for 127.0.0.1 at 2014-08-08 14:47:55 +0400

ActionController::RoutingError (No route matches "/%D0%BB%D0%BE%D0%B4"):
  

Rendered C:/Bitnami/rubystack-2.0.0-17/ruby/lib/ruby/gems/2.0.0/gems/actionpack-3.0.19/lib/action_dispatch/middleware/templates/rescues/routing_error.erb within rescues/layout (0.0ms)


Started GET "/" for 127.0.0.1 at 2014-08-08 14:49:10 +0400
  Processing by IndexController#index as HTML
Rendered index/index.html.erb within layouts/application (0.0ms)
Completed 200 OK in 16ms (Views: 0.0ms | ActiveRecord: 0.0ms)


Started POST "/" for 127.0.0.1 at 2014-08-08 14:49:17 +0400
  Processing by IndexController#index as 
Rendered index/index.html.erb within layouts/application (0.0ms)
Completed 200 OK in 31ms (Views: 31.2ms | ActiveRecord: 0.0ms)


Started POST "/" for 127.0.0.1 at 2014-08-08 14:49:23 +0400
  Processing by IndexController#index as 
Rendered index/index.html.erb within layouts/application (0.0ms)
Completed 200 OK in 31ms (Views: 31.2ms | ActiveRecord: 0.0ms)


Started GET "/" for 127.0.0.1 at 2014-08-08 14:49:52 +0400
  Processing by IndexController#index as HTML
Rendered index/index.html.erb within layouts/application (15.6ms)
Completed 200 OK in 16ms (Views: 15.6ms | ActiveRecord: 0.0ms)


Started POST "/" for 127.0.0.1 at 2014-08-08 14:49:58 +0400
  Processing by IndexController#index as 
Rendered index/index.html.erb within layouts/application (15.6ms)
Completed 200 OK in 31ms (Views: 31.2ms | ActiveRecord: 0.0ms)


Started POST "/" for 127.0.0.1 at 2014-08-08 14:50:00 +0400
  Processing by IndexController#index as 
Rendered index/index.html.erb within layouts/application (0.0ms)
Completed 200 OK in 31ms (Views: 31.2ms | ActiveRecord: 0.0ms)


Started GET "/" for 127.0.0.1 at 2014-08-08 14:56:29 +0400
  Processing by IndexController#index as HTML
Rendered index/index.html.erb within layouts/application (0.0ms)
Completed 200 OK in 16ms (Views: 15.6ms | ActiveRecord: 0.0ms)


Started POST "/" for 127.0.0.1 at 2014-08-08 14:56:45 +0400
  Processing by IndexController#index as 
Rendered index/index.html.erb within layouts/application (15.6ms)
Completed 200 OK in 31ms (Views: 31.2ms | ActiveRecord: 0.0ms)


Started POST "/" for 127.0.0.1 at 2014-08-08 14:56:47 +0400
  Processing by IndexController#index as 
Rendered index/index.html.erb within layouts/application (0.0ms)
Completed 200 OK in 31ms (Views: 31.2ms | ActiveRecord: 0.0ms)


Started GET "/" for 127.0.0.1 at 2014-08-08 14:56:57 +0400
  Processing by IndexController#index as HTML
Rendered index/index.html.erb within layouts/application (15.6ms)
Completed 200 OK in 16ms (Views: 15.6ms | ActiveRecord: 0.0ms)


Started GET "/javascripts/vizitki.js" for 127.0.0.1 at 2014-08-08 14:56:57 +0400

ActionController::RoutingError (No route matches "/javascripts/vizitki.js"):
  

Rendered C:/Bitnami/rubystack-2.0.0-17/ruby/lib/ruby/gems/2.0.0/gems/actionpack-3.0.19/lib/action_dispatch/middleware/templates/rescues/routing_error.erb within rescues/layout (0.0ms)


Started GET "/javascripts/vizitki.js" for 127.0.0.1 at 2014-08-08 14:56:57 +0400

ActionController::RoutingError (No route matches "/javascripts/vizitki.js"):
  

Rendered C:/Bitnami/rubystack-2.0.0-17/ruby/lib/ruby/gems/2.0.0/gems/actionpack-3.0.19/lib/action_dispatch/middleware/templates/rescues/routing_error.erb within rescues/layout (15.6ms)


Started GET "/" for 127.0.0.1 at 2014-08-08 15:00:26 +0400
  Processing by IndexController#index as HTML
Rendered index/index.html.erb within layouts/application (15.6ms)
Completed 200 OK in 16ms (Views: 15.6ms | ActiveRecord: 0.0ms)


Started POST "/" for 127.0.0.1 at 2014-08-08 15:00:29 +0400
  Processing by IndexController#index as 
Rendered index/index.html.erb within layouts/application (0.0ms)
Completed 200 OK in 31ms (Views: 15.6ms | ActiveRecord: 0.0ms)


Started GET "/" for 127.0.0.1 at 2014-08-08 15:12:26 +0400
  Processing by IndexController#index as HTML
Rendered index/index.html.erb within layouts/application (0.0ms)
Completed 200 OK in 16ms (Views: 15.6ms | ActiveRecord: 0.0ms)


Started POST "/" for 127.0.0.1 at 2014-08-08 15:12:29 +0400
  Processing by IndexController#index as 
Rendered index/index.html.erb within layouts/application (0.0ms)
Completed 200 OK in 31ms (Views: 31.2ms | ActiveRecord: 0.0ms)


Started GET "/" for 127.0.0.1 at 2014-08-08 15:13:02 +0400
  Processing by IndexController#index as HTML
Rendered index/index.html.erb within layouts/application (15.6ms)
Completed 200 OK in 16ms (Views: 15.6ms | ActiveRecord: 0.0ms)


Started POST "/" for 127.0.0.1 at 2014-08-08 15:13:03 +0400
  Processing by IndexController#index as 
Rendered index/index.html.erb within layouts/application (15.6ms)
Completed 200 OK in 31ms (Views: 31.2ms | ActiveRecord: 0.0ms)


Started GET "/" for 127.0.0.1 at 2014-08-08 15:13:26 +0400
  Processing by IndexController#index as HTML
Rendered index/index.html.erb within layouts/application (15.6ms)
Completed 200 OK in 16ms (Views: 15.6ms | ActiveRecord: 0.0ms)


Started POST "/" for 127.0.0.1 at 2014-08-08 15:13:28 +0400
  Processing by IndexController#index as 
Rendered index/index.html.erb within layouts/application (31.2ms)
Completed 200 OK in 62ms (Views: 46.9ms | ActiveRecord: 0.0ms)


Started GET "/" for 127.0.0.1 at 2014-08-08 15:16:03 +0400
  Processing by IndexController#index as HTML
Completed 406 Not Acceptable in 0ms


Started GET "/" for 127.0.0.1 at 2014-08-08 15:16:40 +0400
  Processing by IndexController#index as HTML
Completed 406 Not Acceptable in 0ms


Started GET "/" for 127.0.0.1 at 2014-08-08 15:25:10 +0400
  Processing by IndexController#index as HTML
Rendered index/index.html.erb within layouts/application (0.0ms)
Completed 200 OK in 16ms (Views: 15.6ms | ActiveRecord: 0.0ms)


Started GET "/" for 127.0.0.1 at 2014-08-08 15:31:45 +0400
  Processing by IndexController#index as HTML
Rendered index/index.html.erb within layouts/application (0.0ms)
Completed 200 OK in 16ms (Views: 15.6ms | ActiveRecord: 0.0ms)


Started POST "/" for 127.0.0.1 at 2014-08-08 15:31:49 +0400
  Processing by IndexController#index as 
Rendered index/index.html.erb within layouts/application (0.0ms)
Completed 200 OK in 31ms (Views: 31.2ms | ActiveRecord: 0.0ms)


Started GET "/" for 127.0.0.1 at 2014-08-08 15:32:01 +0400
  Processing by IndexController#index as HTML
Rendered index/index.html.erb within layouts/application (15.6ms)
Completed 200 OK in 31ms (Views: 15.6ms | ActiveRecord: 0.0ms)


Started POST "/" for 127.0.0.1 at 2014-08-08 15:32:03 +0400
  Processing by IndexController#index as 
Rendered index/index.html.erb within layouts/application (0.0ms)
Completed 200 OK in 31ms (Views: 31.2ms | ActiveRecord: 0.0ms)


Started POST "/" for 127.0.0.1 at 2014-08-08 15:32:03 +0400
  Processing by IndexController#index as 
Rendered index/index.html.erb within layouts/application (15.6ms)
Completed 200 OK in 31ms (Views: 31.2ms | ActiveRecord: 0.0ms)


Started GET "/" for 127.0.0.1 at 2014-08-08 15:32:10 +0400
  Processing by IndexController#index as HTML
Rendered index/index.html.erb within layouts/application (0.0ms)
Completed 200 OK in 16ms (Views: 15.6ms | ActiveRecord: 0.0ms)


Started POST "/" for 127.0.0.1 at 2014-08-08 15:32:15 +0400
  Processing by IndexController#index as 
Rendered index/index.html.erb within layouts/application (0.0ms)
Completed 200 OK in 31ms (Views: 31.2ms | ActiveRecord: 0.0ms)


Started GET "/" for 127.0.0.1 at 2014-08-08 15:33:32 +0400
  Processing by IndexController#index as HTML
Rendered index/index.html.erb within layouts/application (0.0ms)
Completed 200 OK in 16ms (Views: 15.6ms | ActiveRecord: 0.0ms)


Started GET "/" for 127.0.0.1 at 2014-08-08 15:36:32 +0400
  Processing by IndexController#index as HTML
Rendered index/index.html.erb within layouts/application (0.0ms)
Completed 200 OK in 16ms (Views: 15.6ms | ActiveRecord: 0.0ms)


Started GET "/" for 127.0.0.1 at 2014-08-08 15:36:57 +0400
  Processing by IndexController#index as HTML
Rendered index/index.html.erb within layouts/application (0.0ms)
Completed 200 OK in 16ms (Views: 15.6ms | ActiveRecord: 0.0ms)


Started GET "/" for 127.0.0.1 at 2014-08-08 15:37:06 +0400
  Processing by IndexController#index as HTML
Rendered index/index.html.erb within layouts/application (0.0ms)
Completed 200 OK in 0ms (Views: 0.0ms | ActiveRecord: 0.0ms)


Started GET "/" for 127.0.0.1 at 2014-08-08 15:37:51 +0400
  Processing by IndexController#index as HTML
Rendered index/index.html.erb within layouts/application (15.6ms)
Completed 200 OK in 16ms (Views: 15.6ms | ActiveRecord: 0.0ms)


Started GET "/" for 127.0.0.1 at 2014-08-08 15:38:06 +0400
  Processing by IndexController#index as HTML
Rendered index/index.html.erb within layouts/application (0.0ms)
Completed 200 OK in 16ms (Views: 15.6ms | ActiveRecord: 0.0ms)


Started GET "/" for 127.0.0.1 at 2014-08-08 15:38:34 +0400
  Processing by IndexController#index as HTML
Rendered index/index.html.erb within layouts/application (0.0ms)
Completed 200 OK in 16ms (Views: 15.6ms | ActiveRecord: 0.0ms)


Started GET "/" for 127.0.0.1 at 2014-08-08 15:39:49 +0400
  Processing by IndexController#index as HTML
Rendered index/index.html.erb within layouts/application (0.0ms)
Completed 200 OK in 16ms (Views: 15.6ms | ActiveRecord: 0.0ms)


Started GET "/" for 127.0.0.1 at 2014-08-08 15:40:59 +0400
  Processing by IndexController#index as HTML
Rendered index/index.html.erb within layouts/application (0.0ms)
Completed 200 OK in 16ms (Views: 0.0ms | ActiveRecord: 0.0ms)


Started GET "/" for 127.0.0.1 at 2014-08-08 15:44:58 +0400
  Processing by IndexController#index as HTML
Rendered index/index.html.erb within layouts/application (0.0ms)
Completed 200 OK in 16ms (Views: 15.6ms | ActiveRecord: 0.0ms)


Started POST "/" for 127.0.0.1 at 2014-08-08 15:45:01 +0400
  Processing by IndexController#index as 
Rendered index/index.html.erb within layouts/application (0.0ms)
Completed 200 OK in 31ms (Views: 31.2ms | ActiveRecord: 0.0ms)


Started GET "/" for 127.0.0.1 at 2014-08-08 15:51:46 +0400
  Processing by IndexController#index as HTML
Rendered index/index.html.erb within layouts/application (0.0ms)
Completed 200 OK in 16ms (Views: 0.0ms | ActiveRecord: 0.0ms)


Started POST "/" for 127.0.0.1 at 2014-08-08 15:51:51 +0400
  Processing by IndexController#index as 
Rendered index/index.html.erb within layouts/application (0.0ms)
Completed 200 OK in 16ms (Views: 15.6ms | ActiveRecord: 0.0ms)


Started GET "/" for 127.0.0.1 at 2014-08-08 16:21:00 +0400
  Processing by IndexController#index as HTML
Rendered index/index.html.erb within layouts/application (15.6ms)
Completed 200 OK in 31ms (Views: 31.2ms | ActiveRecord: 0.0ms)


Started GET "/" for 127.0.0.1 at 2014-08-08 16:21:12 +0400
  Processing by IndexController#index as HTML
Rendered index/index.html.erb within layouts/application (0.0ms)
Completed 200 OK in 31ms (Views: 31.2ms | ActiveRecord: 0.0ms)


Started GET "/" for 127.0.0.1 at 2014-08-08 16:22:48 +0400
  Processing by IndexController#index as HTML
Rendered index/index.html.erb within layouts/application (0.0ms)
Completed 200 OK in 31ms (Views: 31.2ms | ActiveRecord: 0.0ms)


Started GET "/" for 127.0.0.1 at 2014-08-08 16:23:02 +0400
  Processing by IndexController#index as HTML
Rendered index/index.html.erb within layouts/application (15.6ms)
Completed 200 OK in 16ms (Views: 15.6ms | ActiveRecord: 0.0ms)


Started GET "/" for 127.0.0.1 at 2014-08-08 16:23:40 +0400
  Processing by IndexController#index as HTML
Rendered index/index.html.erb within layouts/application (15.6ms)
Completed 200 OK in 16ms (Views: 15.6ms | ActiveRecord: 0.0ms)


Started GET "/" for 127.0.0.1 at 2014-08-08 16:25:54 +0400
  Processing by IndexController#index as HTML
Rendered index/index.html.erb within layouts/application (0.0ms)
Completed 200 OK in 16ms (Views: 15.6ms | ActiveRecord: 0.0ms)


Started GET "/" for 127.0.0.1 at 2014-08-08 16:25:57 +0400
  Processing by IndexController#index as HTML
Rendered index/index.html.erb within layouts/application (0.0ms)
Completed 200 OK in 0ms (Views: 0.0ms | ActiveRecord: 0.0ms)


Started GET "/" for 127.0.0.1 at 2014-08-08 16:26:22 +0400
  Processing by IndexController#index as HTML
Rendered index/index.html.erb within layouts/application (0.0ms)
Completed 200 OK in 16ms (Views: 15.6ms | ActiveRecord: 0.0ms)


Started POST "/" for 127.0.0.1 at 2014-08-08 16:27:12 +0400
  Processing by IndexController#index as 
Rendered index/index.html.erb within layouts/application (15.6ms)
Completed 200 OK in 16ms (Views: 15.6ms | ActiveRecord: 0.0ms)


Started GET "/" for 127.0.0.1 at 2014-08-08 16:28:43 +0400
  Processing by IndexController#index as HTML
Rendered index/index.html.erb within layouts/application (0.0ms)
Completed 200 OK in 16ms (Views: 15.6ms | ActiveRecord: 0.0ms)


Started POST "/" for 127.0.0.1 at 2014-08-08 16:28:45 +0400
  Processing by IndexController#index as 
Rendered index/index.html.erb within layouts/application (0.0ms)
Completed 200 OK in 0ms (Views: 0.0ms | ActiveRecord: 0.0ms)


Started POST "/" for 127.0.0.1 at 2014-08-08 16:28:48 +0400
  Processing by IndexController#index as 
Rendered index/index.html.erb within layouts/application (0.0ms)
Completed 200 OK in 16ms (Views: 15.6ms | ActiveRecord: 0.0ms)


Started GET "/" for 127.0.0.1 at 2014-08-08 16:29:21 +0400
  Processing by IndexController#index as HTML
Rendered index/index.html.erb within layouts/application (15.6ms)
Completed 200 OK in 16ms (Views: 15.6ms | ActiveRecord: 0.0ms)


Started POST "/" for 127.0.0.1 at 2014-08-08 16:29:23 +0400
  Processing by IndexController#index as 
Rendered index/index.html.erb within layouts/application (0.0ms)
Completed 200 OK in 16ms (Views: 15.6ms | ActiveRecord: 0.0ms)


Started GET "/" for 127.0.0.1 at 2014-08-08 16:29:59 +0400
  Processing by IndexController#index as HTML
Completed 406 Not Acceptable in 0ms


Started GET "/" for 127.0.0.1 at 2014-08-08 16:30:08 +0400
  Processing by IndexController#index as HTML
Rendered index/index.html.erb within layouts/application (31.2ms)
Completed 200 OK in 31ms (Views: 31.2ms | ActiveRecord: 0.0ms)


Started POST "/" for 127.0.0.1 at 2014-08-08 16:30:10 +0400
  Processing by IndexController#index as 
Rendered index/index.html.erb within layouts/application (0.0ms)
Completed 200 OK in 16ms (Views: 15.6ms | ActiveRecord: 0.0ms)


Started POST "/" for 127.0.0.1 at 2014-08-08 16:30:10 +0400
  Processing by IndexController#index as 
Rendered index/index.html.erb within layouts/application (15.6ms)
Completed 200 OK in 16ms (Views: 15.6ms | ActiveRecord: 0.0ms)


Started POST "/" for 127.0.0.1 at 2014-08-08 16:30:11 +0400
  Processing by IndexController#index as 
Rendered index/index.html.erb within layouts/application (15.6ms)
Completed 200 OK in 16ms (Views: 15.6ms | ActiveRecord: 0.0ms)


Started GET "/" for 127.0.0.1 at 2014-08-08 16:30:56 +0400
  Processing by IndexController#index as HTML
Rendered index/index.html.erb within layouts/application (15.6ms)
Completed 200 OK in 16ms (Views: 15.6ms | ActiveRecord: 0.0ms)


Started GET "/" for 127.0.0.1 at 2014-08-08 16:36:16 +0400
  Processing by IndexController#index as HTML
Completed 200 OK in 0ms (Views: 0.0ms | ActiveRecord: 0.0ms)


Started GET "/" for 127.0.0.1 at 2014-08-08 16:38:15 +0400
  Processing by IndexController#index as HTML
Rendered index/index.html.erb within layouts/application (15.6ms)
Completed 200 OK in 16ms (Views: 15.6ms | ActiveRecord: 0.0ms)


Started POST "/" for 127.0.0.1 at 2014-08-08 16:38:24 +0400
  Processing by IndexController#index as 
Rendered index/index.html.erb within layouts/application (0.0ms)
Completed 200 OK in 16ms (Views: 15.6ms | ActiveRecord: 0.0ms)


Started POST "/" for 127.0.0.1 at 2014-08-08 16:38:26 +0400
  Processing by IndexController#index as 
Rendered index/index.html.erb within layouts/application (0.0ms)
Completed 200 OK in 16ms (Views: 0.0ms | ActiveRecord: 0.0ms)


Started GET "/" for 127.0.0.1 at 2014-08-08 16:38:34 +0400
  Processing by IndexController#index as HTML
Rendered index/index.html.erb within layouts/application (15.6ms)
Completed 200 OK in 16ms (Views: 15.6ms | ActiveRecord: 0.0ms)


Started GET "/" for 127.0.0.1 at 2014-08-08 16:38:49 +0400
  Processing by IndexController#index as HTML
Rendered index/index.html.erb within layouts/application (15.6ms)
Completed 200 OK in 16ms (Views: 15.6ms | ActiveRecord: 0.0ms)


Started GET "/" for 127.0.0.1 at 2014-08-08 16:41:41 +0400
  Processing by IndexController#index as HTML
Rendered index/index.html.erb within layouts/application (0.0ms)
Completed 200 OK in 16ms (Views: 15.6ms | ActiveRecord: 0.0ms)


Started POST "/" for 127.0.0.1 at 2014-08-08 16:42:00 +0400
  Processing by IndexController#index as 
Rendered index/index.html.erb within layouts/application (15.6ms)
Completed 200 OK in 16ms (Views: 15.6ms | ActiveRecord: 0.0ms)


Started GET "/" for 127.0.0.1 at 2014-08-08 16:45:41 +0400
  Processing by IndexController#index as HTML
Rendered index/index.html.erb within layouts/application (0.0ms)
Completed 200 OK in 16ms (Views: 15.6ms | ActiveRecord: 0.0ms)


Started POST "/" for 127.0.0.1 at 2014-08-08 16:46:05 +0400
  Processing by IndexController#index as 
Rendered index/index.html.erb within layouts/application (0.0ms)
Completed 200 OK in 16ms (Views: 15.6ms | ActiveRecord: 0.0ms)


Started GET "/" for 127.0.0.1 at 2014-08-08 16:46:09 +0400
  Processing by IndexController#index as HTML
Rendered index/index.html.erb within layouts/application (0.0ms)
Completed 200 OK in 0ms (Views: 0.0ms | ActiveRecord: 0.0ms)


Started POST "/" for 127.0.0.1 at 2014-08-08 16:46:11 +0400
  Processing by IndexController#index as 
Rendered index/index.html.erb within layouts/application (0.0ms)
Completed 200 OK in 31ms (Views: 31.2ms | ActiveRecord: 0.0ms)


Started GET "/" for 127.0.0.1 at 2014-08-08 16:46:26 +0400
  Processing by IndexController#index as HTML
Completed 200 OK in 0ms (Views: 0.0ms | ActiveRecord: 0.0ms)
DEPRECATION WARNING: config.action_view.debug_rjs will be removed in 3.1, from 3.1 onwards you will need to install prototype-rails to continue to use RJS templates . (called from service at C:/Bitnami/rubystack-2.0.0-17/ruby/lib/ruby/2.0.0/webrick/httpserver.rb:138)


Started GET "/" for 127.0.0.1 at 2014-08-11 11:38:23 +0400
  Processing by IndexController#index as HTML
Rendered index/index.html.erb within layouts/application (15.6ms)
Completed 200 OK in 62ms (Views: 62.5ms | ActiveRecord: 0.0ms)


Started POST "/" for 127.0.0.1 at 2014-08-11 11:38:30 +0400
  Processing by IndexController#index as 
Rendered index/index.html.erb within layouts/application (0.0ms)
Completed 200 OK in 31ms (Views: 15.6ms | ActiveRecord: 0.0ms)


Started GET "/" for 127.0.0.1 at 2014-08-11 11:38:41 +0400
  Processing by IndexController#index as HTML
Rendered index/index.html.erb within layouts/application (0.0ms)
Completed 200 OK in 16ms (Views: 15.6ms | ActiveRecord: 0.0ms)


Started GET "/" for 127.0.0.1 at 2014-08-11 11:41:20 +0400
  Processing by IndexController#index as HTML
Rendered index/index.html.erb within layouts/application (0.0ms)
Completed 200 OK in 16ms (Views: 15.6ms | ActiveRecord: 0.0ms)


Started POST "/result" for 127.0.0.1 at 2014-08-11 11:41:22 +0400

ActionController::RoutingError (No route matches "/result"):
  

Rendered C:/Bitnami/rubystack-2.0.0-17/ruby/lib/ruby/gems/2.0.0/gems/actionpack-3.0.19/lib/action_dispatch/middleware/templates/rescues/routing_error.erb within rescues/layout (0.0ms)


Started POST "/result" for 127.0.0.1 at 2014-08-11 11:41:25 +0400

ActionController::RoutingError (No route matches "/result"):
  

Rendered C:/Bitnami/rubystack-2.0.0-17/ruby/lib/ruby/gems/2.0.0/gems/actionpack-3.0.19/lib/action_dispatch/middleware/templates/rescues/routing_error.erb within rescues/layout (0.0ms)


Started GET "/" for 127.0.0.1 at 2014-08-11 11:41:29 +0400
  Processing by IndexController#index as HTML
Rendered index/index.html.erb within layouts/application (0.0ms)
Completed 200 OK in 16ms (Views: 15.6ms | ActiveRecord: 0.0ms)


Started GET "/" for 127.0.0.1 at 2014-08-11 11:41:46 +0400
  Processing by IndexController#index as HTML
Rendered index/index.html.erb within layouts/application (0.0ms)
Completed 200 OK in 16ms (Views: 15.6ms | ActiveRecord: 0.0ms)


Started POST "/result" for 127.0.0.1 at 2014-08-11 11:41:49 +0400

ActionController::RoutingError (No route matches "/result"):
  

Rendered C:/Bitnami/rubystack-2.0.0-17/ruby/lib/ruby/gems/2.0.0/gems/actionpack-3.0.19/lib/action_dispatch/middleware/templates/rescues/routing_error.erb within rescues/layout (0.0ms)


Started GET "/index/index" for 127.0.0.1 at 2014-08-11 13:47:04 +0400

ActionController::RoutingError (No route matches "/index/index"):
  

Rendered C:/Bitnami/rubystack-2.0.0-17/ruby/lib/ruby/gems/2.0.0/gems/actionpack-3.0.19/lib/action_dispatch/middleware/templates/rescues/routing_error.erb within rescues/layout (0.0ms)


Started GET "/index/result" for 127.0.0.1 at 2014-08-11 13:47:15 +0400

ActionController::RoutingError (No route matches "/index/result"):
  

Rendered C:/Bitnami/rubystack-2.0.0-17/ruby/lib/ruby/gems/2.0.0/gems/actionpack-3.0.19/lib/action_dispatch/middleware/templates/rescues/routing_error.erb within rescues/layout (0.0ms)


Started GET "/index" for 127.0.0.1 at 2014-08-11 13:47:20 +0400

ActionController::RoutingError (No route matches "/index"):
  

Rendered C:/Bitnami/rubystack-2.0.0-17/ruby/lib/ruby/gems/2.0.0/gems/actionpack-3.0.19/lib/action_dispatch/middleware/templates/rescues/routing_error.erb within rescues/layout (15.6ms)


Started GET "/index/result" for 127.0.0.1 at 2014-08-11 13:48:15 +0400
  Processing by IndexController#result as HTML
Completed 200 OK in 31ms (Views: 31.2ms | ActiveRecord: 0.0ms)


Started GET "/index/result" for 127.0.0.1 at 2014-08-11 13:49:59 +0400
  Processing by IndexController#result as HTML
Completed 200 OK in 0ms (Views: 0.0ms | ActiveRecord: 0.0ms)


Started GET "/" for 127.0.0.1 at 2014-08-11 13:50:31 +0400
  Processing by IndexController#index as HTML
Rendered index/index.html.erb within layouts/application (31.2ms)
Completed 200 OK in 62ms (Views: 62.5ms | ActiveRecord: 0.0ms)


Started POST "/result" for 127.0.0.1 at 2014-08-11 13:50:33 +0400

ActionController::RoutingError (No route matches "/result"):
  

Rendered C:/Bitnami/rubystack-2.0.0-17/ruby/lib/ruby/gems/2.0.0/gems/actionpack-3.0.19/lib/action_dispatch/middleware/templates/rescues/routing_error.erb within rescues/layout (15.6ms)


Started GET "/" for 127.0.0.1 at 2014-08-11 13:50:38 +0400
  Processing by IndexController#index as HTML
Rendered index/index.html.erb within layouts/application (15.6ms)
Completed 200 OK in 16ms (Views: 15.6ms | ActiveRecord: 0.0ms)


Started POST "/result" for 127.0.0.1 at 2014-08-11 13:50:47 +0400

ActionController::RoutingError (No route matches "/result"):
  

Rendered C:/Bitnami/rubystack-2.0.0-17/ruby/lib/ruby/gems/2.0.0/gems/actionpack-3.0.19/lib/action_dispatch/middleware/templates/rescues/routing_error.erb within rescues/layout (0.0ms)


Started GET "/" for 127.0.0.1 at 2014-08-11 13:51:16 +0400
  Processing by IndexController#index as HTML
Rendered index/index.html.erb within layouts/application (15.6ms)
Completed 200 OK in 16ms (Views: 15.6ms | ActiveRecord: 0.0ms)


Started POST "/index/result" for 127.0.0.1 at 2014-08-11 13:51:17 +0400
  Processing by IndexController#result as 
Completed 200 OK in 16ms (Views: 15.6ms | ActiveRecord: 0.0ms)


Started GET "/" for 127.0.0.1 at 2014-08-11 13:52:52 +0400
  Processing by IndexController#index as HTML
Rendered index/index.html.erb within layouts/application (0.0ms)
Completed 200 OK in 31ms (Views: 31.2ms | ActiveRecord: 0.0ms)


Started POST "/index/result" for 127.0.0.1 at 2014-08-11 13:52:54 +0400
  Processing by IndexController#result as 
Rendered text template (0.0ms)
Completed 200 OK in 141ms (Views: 140.6ms | ActiveRecord: 0.0ms)
